{"meta": {"format": 3, "version": "7.13.4", "timestamp": "2026-02-23T20:30:33.208331", "branch_coverage": false, "show_contexts": false}, "files": {"core\\__init__.py": {"executed_lines": [17], "summary": {"covered_lines": 1, "num_statements": 1, "percent_covered": 100.0, "percent_covered_display": "100", "missing_lines": 0, "excluded_lines": 0, "percent_statements_covered": 100.0, "percent_statements_covered_display": "100"}, "missing_lines": [], "excluded_lines": [], "functions": {"": {"executed_lines": [17], "summary": {"covered_lines": 1, "num_statements": 1, "percent_covered": 100.0, "percent_covered_display": "100", "missing_lines": 0, "excluded_lines": 0, "percent_statements_covered": 100.0, "percent_statements_covered_display": "100"}, "missing_lines": [], "excluded_lines": [], "start_line": 1}}, "classes": {"": {"executed_lines": [17], "summary": {"covered_lines": 1, "num_statements": 1, "percent_covered": 100.0, "percent_covered_display": "100", "missing_lines": 0, "excluded_lines": 0, "percent_statements_covered": 100.0, "percent_statements_covered_display": "100"}, "missing_lines": [], "excluded_lines": [], "start_line": 1}}}, "core\\ai_client.py": {"executed_lines": [13, 15, 17, 18, 19, 20, 22, 25, 28, 29, 30, 32, 36, 38, 41, 48, 63, 65, 66, 67, 69, 70, 72, 73, 76, 78, 80, 81, 91, 93, 94, 95, 98, 100, 103, 110, 120, 122, 123, 124, 135, 136, 138, 139, 141, 142, 143, 144, 146, 147, 157, 159, 160, 162, 163, 166, 168, 169, 170, 171, 174, 175, 177, 178, 188, 189, 190, 191, 201, 203, 204, 207], "summary": {"covered_lines": 72, "num_statements": 93, "percent_covered": 77.41935483870968, "percent_covered_display": "77", "missing_lines": 21, "excluded_lines": 0, "percent_statements_covered": 77.41935483870968, "percent_statements_covered_display": "77"}, "missing_lines": [179, 181, 182, 183, 184, 185, 192, 196, 197, 198, 199, 209, 211, 212, 213, 216, 217, 227, 228, 229, 231], "excluded_lines": [], "functions": {"analyze_with_ai": {"executed_lines": [63, 65, 66, 67, 69, 70, 72, 73, 76, 78, 80, 81, 91, 93, 94, 95, 98, 100], "summary": {"covered_lines": 18, "num_statements": 18, "percent_covered": 100.0, "percent_covered_display": "100", "missing_lines": 0, "excluded_lines": 0, "percent_statements_covered": 100.0, "percent_statements_covered_display": "100"}, "missing_lines": [], "excluded_lines": [], "start_line": 48}, "generate_poll_from_summary": {"executed_lines": [120, 122, 123, 124, 135, 136, 138, 139, 141, 142, 143, 144, 146, 147, 157, 159, 160, 162, 163, 166, 168, 169, 170, 171, 174, 175, 177, 178, 188, 189, 190, 191, 201, 203, 204, 207], "summary": {"covered_lines": 36, "num_statements": 57, "percent_covered": 63.1578947368421, "percent_covered_display": "63", "missing_lines": 21, "excluded_lines": 0, "percent_statements_covered": 63.1578947368421, "percent_statements_covered_display": "63"}, "missing_lines": [179, 181, 182, 183, 184, 185, 192, 196, 197, 198, 199, 209, 211, 212, 213, 216, 217, 227, 228, 229, 231], "excluded_lines": [], "start_line": 110}, "": {"executed_lines": [13, 15, 17, 18, 19, 20, 22, 25, 28, 29, 30, 32, 36, 38, 41, 48, 103, 110], "summary": {"covered_lines": 18, "num_statements": 18, "percent_covered": 100.0, "percent_covered_display": "100", "missing_lines": 0, "excluded_lines": 0, "percent_statements_covered": 100.0, "percent_statements_covered_display": "100"}, "missing_lines": [], "excluded_lines": [], "start_line": 1}}, "classes": {"": {"executed_lines": [13, 15, 17, 18, 19, 20, 22, 25, 28, 29, 30, 32, 36, 38, 41, 48, 63, 65, 66, 67, 69, 70, 72, 73, 76, 78, 80, 81, 91, 93, 94, 95, 98, 100, 103, 110, 120, 122, 123, 124, 135, 136, 138, 139, 141, 142, 143, 144, 146, 147, 157, 159, 160, 162, 163, 166, 168, 169, 170, 171, 174, 175, 177, 178, 188, 189, 190, 191, 201, 203, 204, 207], "summary": {"covered_lines": 72, "num_statements": 93, "percent_covered": 77.41935483870968, "percent_covered_display": "77", "missing_lines": 21, "excluded_lines": 0, "percent_statements_covered": 77.41935483870968, "percent_statements_covered_display": "77"}, "missing_lines": [179, 181, 182, 183, 184, 185, 192, 196, 197, 198, 199, 209, 211, 212, 213, 216, 217, 227, 228, 229, 231], "excluded_lines": [], "start_line": 1}}}, "core\\cache_manager.py": {"executed_lines": [], "summary": {"covered_lines": 0, "num_statements": 70, "percent_covered": 0.0, "percent_covered_display": "0", "missing_lines": 70, "excluded_lines": 0, "percent_statements_covered": 0.0, "percent_statements_covered_display": "0"}, "missing_lines": [18, 19, 20, 21, 23, 25, 28, 31, 37, 39, 40, 42, 44, 45, 46, 47, 48, 49, 50, 51, 52, 53, 54, 56, 57, 59, 61, 63, 65, 66, 67, 68, 69, 71, 80, 82, 89, 90, 92, 94, 103, 104, 105, 106, 107, 108, 110, 112, 113, 114, 115, 117, 123, 125, 131, 135, 138, 145, 146, 147, 148, 152, 161, 164, 171, 174, 180, 181, 182, 184], "excluded_lines": [], "functions": {"DiscussionCache.__init__": {"executed_lines": [], "summary": {"covered_lines": 0, "num_statements": 2, "percent_covered": 0.0, "percent_covered_display": "0", "missing_lines": 2, "excluded_lines": 0, "percent_statements_covered": 0.0, "percent_statements_covered_display": "0"}, "missing_lines": [39, 40], "excluded_lines": [], "start_line": 37}, "DiscussionCache._load_from_disk": {"executed_lines": [], "summary": {"covered_lines": 0, "num_statements": 13, "percent_covered": 0.0, "percent_covered_display": "0", "missing_lines": 13, "excluded_lines": 0, "percent_statements_covered": 0.0, "percent_statements_covered_display": "0"}, "missing_lines": [44, 45, 46, 47, 48, 49, 50, 51, 52, 53, 54, 56, 57], "excluded_lines": [], "start_line": 42}, "DiscussionCache._save_to_disk": {"executed_lines": [], "summary": {"covered_lines": 0, "num_statements": 7, "percent_covered": 0.0, "percent_covered_display": "0", "missing_lines": 7, "excluded_lines": 0, "percent_statements_covered": 0.0, "percent_statements_covered_display": "0"}, "missing_lines": [61, 63, 65, 66, 67, 68, 69], "excluded_lines": [], "start_line": 59}, "DiscussionCache.get": {"executed_lines": [], "summary": {"covered_lines": 0, "num_statements": 1, "percent_covered": 0.0, "percent_covered_display": "0", "missing_lines": 1, "excluded_lines": 0, "percent_statements_covered": 0.0, "percent_statements_covered_display": "0"}, "missing_lines": [80], "excluded_lines": [], "start_line": 71}, "DiscussionCache.set": {"executed_lines": [], "summary": {"covered_lines": 0, "num_statements": 3, "percent_covered": 0.0, "percent_covered_display": "0", "missing_lines": 3, "excluded_lines": 0, "percent_statements_covered": 0.0, "percent_statements_covered_display": "0"}, "missing_lines": [89, 90, 92], "excluded_lines": [], "start_line": 82}, "DiscussionCache.delete": {"executed_lines": [], "summary": {"covered_lines": 0, "num_statements": 6, "percent_covered": 0.0, "percent_covered_display": "0", "missing_lines": 6, "excluded_lines": 0, "percent_statements_covered": 0.0, "percent_statements_covered_display": "0"}, "missing_lines": [103, 104, 105, 106, 107, 108], "excluded_lines": [], "start_line": 94}, "DiscussionCache.clear": {"executed_lines": [], "summary": {"covered_lines": 0, "num_statements": 4, "percent_covered": 0.0, "percent_covered_display": "0", "missing_lines": 4, "excluded_lines": 0, "percent_statements_covered": 0.0, "percent_statements_covered_display": "0"}, "missing_lines": [112, 113, 114, 115], "excluded_lines": [], "start_line": 110}, "DiscussionCache.get_all": {"executed_lines": [], "summary": {"covered_lines": 0, "num_statements": 1, "percent_covered": 0.0, "percent_covered_display": "0", "missing_lines": 1, "excluded_lines": 0, "percent_statements_covered": 0.0, "percent_statements_covered_display": "0"}, "missing_lines": [123], "excluded_lines": [], "start_line": 117}, "DiscussionCache.size": {"executed_lines": [], "summary": {"covered_lines": 0, "num_statements": 1, "percent_covered": 0.0, "percent_covered_display": "0", "missing_lines": 1, "excluded_lines": 0, "percent_statements_covered": 0.0, "percent_statements_covered_display": "0"}, "missing_lines": [131], "excluded_lines": [], "start_line": 125}, "get_discussion_cache": {"executed_lines": [], "summary": {"covered_lines": 0, "num_statements": 4, "percent_covered": 0.0, "percent_covered_display": "0", "missing_lines": 4, "excluded_lines": 0, "percent_statements_covered": 0.0, "percent_statements_covered_display": "0"}, "missing_lines": [145, 146, 147, 148], "excluded_lines": [], "start_line": 138}, "get_cached_discussion_group_id": {"executed_lines": [], "summary": {"covered_lines": 0, "num_statements": 1, "percent_covered": 0.0, "percent_covered_display": "0", "missing_lines": 1, "excluded_lines": 0, "percent_statements_covered": 0.0, "percent_statements_covered_display": "0"}, "missing_lines": [161], "excluded_lines": [], "start_line": 152}, "cache_discussion_group_id": {"executed_lines": [], "summary": {"covered_lines": 0, "num_statements": 1, "percent_covered": 0.0, "percent_covered_display": "0", "missing_lines": 1, "excluded_lines": 0, "percent_statements_covered": 0.0, "percent_statements_covered_display": "0"}, "missing_lines": [171], "excluded_lines": [], "start_line": 164}, "clear_discussion_group_cache": {"executed_lines": [], "summary": {"covered_lines": 0, "num_statements": 4, "percent_covered": 0.0, "percent_covered_display": "0", "missing_lines": 4, "excluded_lines": 0, "percent_statements_covered": 0.0, "percent_statements_covered_display": "0"}, "missing_lines": [180, 181, 182, 184], "excluded_lines": [], "start_line": 174}, "": {"executed_lines": [], "summary": {"covered_lines": 0, "num_statements": 22, "percent_covered": 0.0, "percent_covered_display": "0", "missing_lines": 22, "excluded_lines": 0, "percent_statements_covered": 0.0, "percent_statements_covered_display": "0"}, "missing_lines": [18, 19, 20, 21, 23, 25, 28, 31, 37, 42, 59, 71, 82, 94, 110, 117, 125, 135, 138, 152, 164, 174], "excluded_lines": [], "start_line": 1}}, "classes": {"DiscussionCache": {"executed_lines": [], "summary": {"covered_lines": 0, "num_statements": 38, "percent_covered": 0.0, "percent_covered_display": "0", "missing_lines": 38, "excluded_lines": 0, "percent_statements_covered": 0.0, "percent_statements_covered_display": "0"}, "missing_lines": [39, 40, 44, 45, 46, 47, 48, 49, 50, 51, 52, 53, 54, 56, 57, 61, 63, 65, 66, 67, 68, 69, 80, 89, 90, 92, 103, 104, 105, 106, 107, 108, 112, 113, 114, 115, 123, 131], "excluded_lines": [], "start_line": 31}, "": {"executed_lines": [], "summary": {"covered_lines": 0, "num_statements": 32, "percent_covered": 0.0, "percent_covered_display": "0", "missing_lines": 32, "excluded_lines": 0, "percent_statements_covered": 0.0, "percent_statements_covered_display": "0"}, "missing_lines": [18, 19, 20, 21, 23, 25, 28, 31, 37, 42, 59, 71, 82, 94, 110, 117, 125, 135, 138, 145, 146, 147, 148, 152, 161, 164, 171, 174, 180, 181, 182, 184], "excluded_lines": [], "start_line": 1}}}, "core\\channel_config.py": {"executed_lines": [], "summary": {"covered_lines": 0, "num_statements": 131, "percent_covered": 0.0, "percent_covered_display": "0", "missing_lines": 131, "excluded_lines": 0, "percent_statements_covered": 0.0, "percent_statements_covered_display": "0"}, "missing_lines": [18, 19, 20, 21, 23, 32, 34, 38, 39, 45, 51, 57, 58, 59, 61, 63, 64, 65, 66, 68, 69, 70, 72, 73, 75, 79, 81, 82, 83, 84, 85, 86, 88, 90, 92, 93, 94, 95, 98, 101, 104, 105, 107, 108, 109, 111, 121, 122, 123, 125, 126, 128, 129, 132, 133, 141, 148, 157, 158, 159, 164, 165, 166, 167, 169, 170, 171, 176, 177, 179, 180, 182, 183, 185, 194, 195, 198, 205, 227, 234, 235, 236, 237, 240, 243, 244, 246, 248, 257, 258, 259, 260, 261, 263, 264, 266, 272, 274, 283, 284, 286, 287, 288, 289, 290, 292, 298, 307, 308, 309, 310, 312, 313, 314, 315, 316, 318, 322, 325, 332, 333, 334, 335, 339, 341, 344, 352, 355, 357, 360, 362], "excluded_lines": [], "functions": {"ChannelScheduleManager.__init__": {"executed_lines": [], "summary": {"covered_lines": 0, "num_statements": 3, "percent_covered": 0.0, "percent_covered_display": "0", "missing_lines": 3, "excluded_lines": 0, "percent_statements_covered": 0.0, "percent_statements_covered_display": "0"}, "missing_lines": [57, 58, 59], "excluded_lines": [], "start_line": 51}, "ChannelScheduleManager._load_schedules": {"executed_lines": [], "summary": {"covered_lines": 0, "num_statements": 17, "percent_covered": 0.0, "percent_covered_display": "0", "missing_lines": 17, "excluded_lines": 0, "percent_statements_covered": 0.0, "percent_statements_covered_display": "0"}, "missing_lines": [63, 64, 65, 66, 68, 69, 70, 72, 73, 75, 79, 81, 82, 83, 84, 85, 86], "excluded_lines": [], "start_line": 61}, "ChannelScheduleManager._save_schedules": {"executed_lines": [], "summary": {"covered_lines": 0, "num_statements": 12, "percent_covered": 0.0, "percent_covered_display": "0", "missing_lines": 12, "excluded_lines": 0, "percent_statements_covered": 0.0, "percent_statements_covered_display": "0"}, "missing_lines": [90, 92, 93, 94, 95, 98, 101, 104, 105, 107, 108, 109], "excluded_lines": [], "start_line": 88}, "ChannelScheduleManager._normalize_schedule": {"executed_lines": [], "summary": {"covered_lines": 0, "num_statements": 10, "percent_covered": 0.0, "percent_covered_display": "0", "missing_lines": 10, "excluded_lines": 0, "percent_statements_covered": 0.0, "percent_statements_covered_display": "0"}, "missing_lines": [121, 122, 123, 125, 126, 128, 129, 132, 133, 141], "excluded_lines": [], "start_line": 111}, "ChannelScheduleManager._validate_schedule": {"executed_lines": [], "summary": {"covered_lines": 0, "num_statements": 16, "percent_covered": 0.0, "percent_covered_display": "0", "missing_lines": 16, "excluded_lines": 0, "percent_statements_covered": 0.0, "percent_statements_covered_display": "0"}, "missing_lines": [157, 158, 159, 164, 165, 166, 167, 169, 170, 171, 176, 177, 179, 180, 182, 183], "excluded_lines": [], "start_line": 148}, "ChannelScheduleManager.get_schedule": {"executed_lines": [], "summary": {"covered_lines": 0, "num_statements": 3, "percent_covered": 0.0, "percent_covered_display": "0", "missing_lines": 3, "excluded_lines": 0, "percent_statements_covered": 0.0, "percent_statements_covered_display": "0"}, "missing_lines": [194, 195, 198], "excluded_lines": [], "start_line": 185}, "ChannelScheduleManager.set_schedule": {"executed_lines": [], "summary": {"covered_lines": 0, "num_statements": 9, "percent_covered": 0.0, "percent_covered_display": "0", "missing_lines": 9, "excluded_lines": 0, "percent_statements_covered": 0.0, "percent_statements_covered_display": "0"}, "missing_lines": [227, 234, 235, 236, 237, 240, 243, 244, 246], "excluded_lines": [], "start_line": 205}, "ChannelScheduleManager.delete_schedule": {"executed_lines": [], "summary": {"covered_lines": 0, "num_statements": 7, "percent_covered": 0.0, "percent_covered_display": "0", "missing_lines": 7, "excluded_lines": 0, "percent_statements_covered": 0.0, "percent_statements_covered_display": "0"}, "missing_lines": [257, 258, 259, 260, 261, 263, 264], "excluded_lines": [], "start_line": 248}, "ChannelScheduleManager.get_all_schedules": {"executed_lines": [], "summary": {"covered_lines": 0, "num_statements": 1, "percent_covered": 0.0, "percent_covered_display": "0", "missing_lines": 1, "excluded_lines": 0, "percent_statements_covered": 0.0, "percent_statements_covered_display": "0"}, "missing_lines": [272], "excluded_lines": [], "start_line": 266}, "ChannelScheduleManager.build_cron_trigger": {"executed_lines": [], "summary": {"covered_lines": 0, "num_statements": 8, "percent_covered": 0.0, "percent_covered_display": "0", "missing_lines": 8, "excluded_lines": 0, "percent_statements_covered": 0.0, "percent_statements_covered_display": "0"}, "missing_lines": [283, 284, 286, 287, 288, 289, 290, 292], "excluded_lines": [], "start_line": 274}, "ChannelScheduleManager.format_schedule_text": {"executed_lines": [], "summary": {"covered_lines": 0, "num_statements": 10, "percent_covered": 0.0, "percent_covered_display": "0", "missing_lines": 10, "excluded_lines": 0, "percent_statements_covered": 0.0, "percent_statements_covered_display": "0"}, "missing_lines": [307, 308, 309, 310, 312, 313, 314, 315, 316, 318], "excluded_lines": [], "start_line": 298}, "get_schedule_manager": {"executed_lines": [], "summary": {"covered_lines": 0, "num_statements": 4, "percent_covered": 0.0, "percent_covered_display": "0", "missing_lines": 4, "excluded_lines": 0, "percent_statements_covered": 0.0, "percent_statements_covered_display": "0"}, "missing_lines": [332, 333, 334, 335], "excluded_lines": [], "start_line": 325}, "get_channel_schedule": {"executed_lines": [], "summary": {"covered_lines": 0, "num_statements": 1, "percent_covered": 0.0, "percent_covered_display": "0", "missing_lines": 1, "excluded_lines": 0, "percent_statements_covered": 0.0, "percent_statements_covered_display": "0"}, "missing_lines": [341], "excluded_lines": [], "start_line": 339}, "set_channel_schedule": {"executed_lines": [], "summary": {"covered_lines": 0, "num_statements": 1, "percent_covered": 0.0, "percent_covered_display": "0", "missing_lines": 1, "excluded_lines": 0, "percent_statements_covered": 0.0, "percent_statements_covered_display": "0"}, "missing_lines": [352], "excluded_lines": [], "start_line": 344}, "delete_channel_schedule": {"executed_lines": [], "summary": {"covered_lines": 0, "num_statements": 1, "percent_covered": 0.0, "percent_covered_display": "0", "missing_lines": 1, "excluded_lines": 0, "percent_statements_covered": 0.0, "percent_statements_covered_display": "0"}, "missing_lines": [357], "excluded_lines": [], "start_line": 355}, "build_cron_trigger": {"executed_lines": [], "summary": {"covered_lines": 0, "num_statements": 1, "percent_covered": 0.0, "percent_covered_display": "0", "missing_lines": 1, "excluded_lines": 0, "percent_statements_covered": 0.0, "percent_statements_covered_display": "0"}, "missing_lines": [362], "excluded_lines": [], "start_line": 360}, "": {"executed_lines": [], "summary": {"covered_lines": 0, "num_statements": 27, "percent_covered": 0.0, "percent_covered_display": "0", "missing_lines": 27, "excluded_lines": 0, "percent_statements_covered": 0.0, "percent_statements_covered_display": "0"}, "missing_lines": [18, 19, 20, 21, 23, 32, 34, 38, 39, 45, 51, 61, 88, 111, 148, 185, 205, 248, 266, 274, 298, 322, 325, 339, 344, 355, 360], "excluded_lines": [], "start_line": 1}}, "classes": {"ChannelScheduleManager": {"executed_lines": [], "summary": {"covered_lines": 0, "num_statements": 96, "percent_covered": 0.0, "percent_covered_display": "0", "missing_lines": 96, "excluded_lines": 0, "percent_statements_covered": 0.0, "percent_statements_covered_display": "0"}, "missing_lines": [57, 58, 59, 63, 64, 65, 66, 68, 69, 70, 72, 73, 75, 79, 81, 82, 83, 84, 85, 86, 90, 92, 93, 94, 95, 98, 101, 104, 105, 107, 108, 109, 121, 122, 123, 125, 126, 128, 129, 132, 133, 141, 157, 158, 159, 164, 165, 166, 167, 169, 170, 171, 176, 177, 179, 180, 182, 183, 194, 195, 198, 227, 234, 235, 236, 237, 240, 243, 244, 246, 257, 258, 259, 260, 261, 263, 264, 272, 283, 284, 286, 287, 288, 289, 290, 292, 307, 308, 309, 310, 312, 313, 314, 315, 316, 318], "excluded_lines": [], "start_line": 45}, "": {"executed_lines": [], "summary": {"covered_lines": 0, "num_statements": 35, "percent_covered": 0.0, "percent_covered_display": "0", "missing_lines": 35, "excluded_lines": 0, "percent_statements_covered": 0.0, "percent_statements_covered_display": "0"}, "missing_lines": [18, 19, 20, 21, 23, 32, 34, 38, 39, 45, 51, 61, 88, 111, 148, 185, 205, 248, 266, 274, 298, 322, 325, 332, 333, 334, 335, 339, 341, 344, 352, 355, 357, 360, 362], "excluded_lines": [], "start_line": 1}}}, "core\\command_handlers\\__init__.py": {"executed_lines": [], "summary": {"covered_lines": 0, "num_statements": 6, "percent_covered": 0.0, "percent_covered_display": "0", "missing_lines": 6, "excluded_lines": 0, "percent_statements_covered": 0.0, "percent_statements_covered_display": "0"}, "missing_lines": [6, 11, 16, 36, 44, 46], "excluded_lines": [], "functions": {"": {"executed_lines": [], "summary": {"covered_lines": 0, "num_statements": 6, "percent_covered": 0.0, "percent_covered_display": "0", "missing_lines": 6, "excluded_lines": 0, "percent_statements_covered": 0.0, "percent_statements_covered_display": "0"}, "missing_lines": [6, 11, 16, 36, 44, 46], "excluded_lines": [], "start_line": 1}}, "classes": {"": {"executed_lines": [], "summary": {"covered_lines": 0, "num_statements": 6, "percent_covered": 0.0, "percent_covered_display": "0", "missing_lines": 6, "excluded_lines": 0, "percent_statements_covered": 0.0, "percent_statements_covered_display": "0"}, "missing_lines": [6, 11, 16, 36, 44, 46], "excluded_lines": [], "start_line": 1}}}, "core\\command_handlers\\ai_config_commands.py": {"executed_lines": [], "summary": {"covered_lines": 0, "num_statements": 107, "percent_covered": 0.0, "percent_covered_display": "0", "missing_lines": 107, "excluded_lines": 0, "percent_statements_covered": 0.0, "percent_statements_covered_display": "0"}, "missing_lines": [17, 25, 26, 29, 31, 32, 33, 36, 37, 38, 39, 42, 43, 44, 47, 49, 50, 51, 53, 54, 57, 59, 60, 61, 64, 65, 66, 67, 70, 71, 72, 74, 75, 78, 81, 82, 84, 85, 86, 88, 91, 93, 94, 95, 96, 99, 101, 102, 105, 108, 109, 111, 112, 113, 114, 116, 117, 119, 122, 124, 125, 126, 131, 133, 134, 135, 136, 138, 139, 141, 143, 144, 145, 148, 150, 151, 153, 155, 156, 157, 160, 163, 166, 167, 170, 171, 174, 175, 176, 178, 180, 181, 182, 183, 185, 186, 188, 190, 191, 192, 193, 195, 197, 198, 199, 200, 201], "excluded_lines": [], "functions": {"handle_show_ai_config": {"executed_lines": [], "summary": {"covered_lines": 0, "num_statements": 16, "percent_covered": 0.0, "percent_covered_display": "0", "missing_lines": 16, "excluded_lines": 0, "percent_statements_covered": 0.0, "percent_statements_covered_display": "0"}, "missing_lines": [31, 32, 33, 36, 37, 38, 39, 42, 43, 44, 47, 49, 50, 51, 53, 54], "excluded_lines": [], "start_line": 29}, "handle_set_ai_config": {"executed_lines": [], "summary": {"covered_lines": 0, "num_statements": 12, "percent_covered": 0.0, "percent_covered_display": "0", "missing_lines": 12, "excluded_lines": 0, "percent_statements_covered": 0.0, "percent_statements_covered_display": "0"}, "missing_lines": [59, 60, 61, 64, 65, 66, 67, 70, 71, 72, 74, 75], "excluded_lines": [], "start_line": 57}, "handle_ai_config_input": {"executed_lines": [], "summary": {"covered_lines": 0, "num_statements": 73, "percent_covered": 0.0, "percent_covered_display": "0", "missing_lines": 73, "excluded_lines": 0, "percent_statements_covered": 0.0, "percent_statements_covered_display": "0"}, "missing_lines": [81, 82, 84, 85, 86, 88, 91, 93, 94, 95, 96, 99, 101, 102, 105, 108, 109, 111, 112, 113, 114, 116, 117, 119, 122, 124, 125, 126, 131, 133, 134, 135, 136, 138, 139, 141, 143, 144, 145, 148, 150, 151, 153, 155, 156, 157, 160, 163, 166, 167, 170, 171, 174, 175, 176, 178, 180, 181, 182, 183, 185, 186, 188, 190, 191, 192, 193, 195, 197, 198, 199, 200, 201], "excluded_lines": [], "start_line": 78}, "": {"executed_lines": [], "summary": {"covered_lines": 0, "num_statements": 6, "percent_covered": 0.0, "percent_covered_display": "0", "missing_lines": 6, "excluded_lines": 0, "percent_statements_covered": 0.0, "percent_statements_covered_display": "0"}, "missing_lines": [17, 25, 26, 29, 57, 78], "excluded_lines": [], "start_line": 1}}, "classes": {"": {"executed_lines": [], "summary": {"covered_lines": 0, "num_statements": 107, "percent_covered": 0.0, "percent_covered_display": "0", "missing_lines": 107, "excluded_lines": 0, "percent_statements_covered": 0.0, "percent_statements_covered_display": "0"}, "missing_lines": [17, 25, 26, 29, 31, 32, 33, 36, 37, 38, 39, 42, 43, 44, 47, 49, 50, 51, 53, 54, 57, 59, 60, 61, 64, 65, 66, 67, 70, 71, 72, 74, 75, 78, 81, 82, 84, 85, 86, 88, 91, 93, 94, 95, 96, 99, 101, 102, 105, 108, 109, 111, 112, 113, 114, 116, 117, 119, 122, 124, 125, 126, 131, 133, 134, 135, 136, 138, 139, 141, 143, 144, 145, 148, 150, 151, 153, 155, 156, 157, 160, 163, 166, 167, 170, 171, 174, 175, 176, 178, 180, 181, 182, 183, 185, 186, 188, 190, 191, 192, 193, 195, 197, 198, 199, 200, 201], "excluded_lines": [], "start_line": 1}}}, "core\\command_handlers\\channel_commands.py": {"executed_lines": [], "summary": {"covered_lines": 0, "num_statements": 74, "percent_covered": 0.0, "percent_covered_display": "0", "missing_lines": 74, "excluded_lines": 0, "percent_statements_covered": 0.0, "percent_statements_covered_display": "0"}, "missing_lines": [17, 18, 21, 23, 24, 25, 28, 29, 30, 31, 33, 35, 36, 37, 40, 41, 42, 44, 47, 49, 50, 51, 54, 55, 56, 57, 59, 60, 61, 63, 64, 65, 68, 69, 70, 73, 76, 77, 78, 80, 81, 83, 85, 86, 87, 88, 91, 93, 94, 95, 98, 99, 100, 101, 103, 104, 105, 107, 108, 109, 112, 113, 114, 117, 120, 121, 122, 124, 125, 129, 131, 132, 133, 134], "excluded_lines": [], "functions": {"handle_show_channels": {"executed_lines": [], "summary": {"covered_lines": 0, "num_statements": 15, "percent_covered": 0.0, "percent_covered_display": "0", "missing_lines": 15, "excluded_lines": 0, "percent_statements_covered": 0.0, "percent_statements_covered_display": "0"}, "missing_lines": [23, 24, 25, 28, 29, 30, 31, 33, 35, 36, 37, 40, 41, 42, 44], "excluded_lines": [], "start_line": 21}, "handle_add_channel": {"executed_lines": [], "summary": {"covered_lines": 0, "num_statements": 27, "percent_covered": 0.0, "percent_covered_display": "0", "missing_lines": 27, "excluded_lines": 0, "percent_statements_covered": 0.0, "percent_statements_covered_display": "0"}, "missing_lines": [49, 50, 51, 54, 55, 56, 57, 59, 60, 61, 63, 64, 65, 68, 69, 70, 73, 76, 77, 78, 80, 81, 83, 85, 86, 87, 88], "excluded_lines": [], "start_line": 47}, "handle_delete_channel": {"executed_lines": [], "summary": {"covered_lines": 0, "num_statements": 27, "percent_covered": 0.0, "percent_covered_display": "0", "missing_lines": 27, "excluded_lines": 0, "percent_statements_covered": 0.0, "percent_statements_covered_display": "0"}, "missing_lines": [93, 94, 95, 98, 99, 100, 101, 103, 104, 105, 107, 108, 109, 112, 113, 114, 117, 120, 121, 122, 124, 125, 129, 131, 132, 133, 134], "excluded_lines": [], "start_line": 91}, "": {"executed_lines": [], "summary": {"covered_lines": 0, "num_statements": 5, "percent_covered": 0.0, "percent_covered_display": "0", "missing_lines": 5, "excluded_lines": 0, "percent_statements_covered": 0.0, "percent_statements_covered_display": "0"}, "missing_lines": [17, 18, 21, 47, 91], "excluded_lines": [], "start_line": 1}}, "classes": {"": {"executed_lines": [], "summary": {"covered_lines": 0, "num_statements": 74, "percent_covered": 0.0, "percent_covered_display": "0", "missing_lines": 74, "excluded_lines": 0, "percent_statements_covered": 0.0, "percent_statements_covered_display": "0"}, "missing_lines": [17, 18, 21, 23, 24, 25, 28, 29, 30, 31, 33, 35, 36, 37, 40, 41, 42, 44, 47, 49, 50, 51, 54, 55, 56, 57, 59, 60, 61, 63, 64, 65, 68, 69, 70, 73, 76, 77, 78, 80, 81, 83, 85, 86, 87, 88, 91, 93, 94, 95, 98, 99, 100, 101, 103, 104, 105, 107, 108, 109, 112, 113, 114, 117, 120, 121, 122, 124, 125, 129, 131, 132, 133, 134], "excluded_lines": [], "start_line": 1}}}, "core\\command_handlers\\database_migration_commands.py": {"executed_lines": [], "summary": {"covered_lines": 0, "num_statements": 296, "percent_covered": 0.0, "percent_covered_display": "0", "missing_lines": 296, "excluded_lines": 0, "percent_statements_covered": 0.0, "percent_statements_covered_display": "0"}, "missing_lines": [19, 20, 21, 23, 24, 26, 27, 28, 29, 32, 33, 36, 39, 44, 47, 48, 49, 51, 52, 56, 64, 67, 70, 73, 74, 75, 76, 77, 78, 79, 80, 81, 83, 85, 88, 89, 90, 91, 93, 95, 97, 98, 99, 100, 102, 103, 107, 109, 110, 111, 114, 119, 122, 123, 124, 128, 129, 130, 132, 135, 136, 143, 146, 147, 148, 152, 155, 156, 163, 166, 167, 170, 171, 172, 173, 174, 175, 176, 177, 178, 179, 180, 181, 184, 185, 186, 188, 190, 191, 192, 193, 194, 195, 196, 199, 200, 201, 204, 206, 208, 209, 210, 213, 214, 215, 216, 217, 219, 220, 222, 223, 226, 227, 228, 229, 230, 232, 235, 236, 237, 240, 243, 245, 247, 248, 249, 250, 251, 252, 253, 254, 257, 258, 259, 260, 261, 263, 265, 266, 267, 270, 273, 278, 281, 282, 283, 285, 287, 288, 289, 291, 293, 294, 296, 297, 298, 299, 300, 301, 303, 304, 307, 308, 309, 310, 311, 312, 313, 314, 316, 318, 319, 320, 323, 328, 331, 332, 333, 335, 337, 338, 339, 344, 347, 356, 359, 362, 363, 364, 367, 370, 371, 372, 373, 376, 378, 380, 381, 382, 385, 390, 393, 394, 395, 398, 399, 400, 402, 404, 406, 409, 418, 421, 433, 434, 436, 437, 438, 439, 440, 441, 442, 443, 446, 448, 449, 450, 451, 453, 454, 455, 456, 458, 460, 462, 463, 464, 467, 472, 475, 476, 477, 480, 481, 482, 484, 487, 492, 495, 496, 497, 499, 501, 502, 503, 508, 510, 513, 514, 517, 520, 521, 524, 536, 538, 539, 540, 543, 548, 551, 552, 553, 555, 556, 559, 560, 561, 564, 565, 568, 570, 571, 572, 582, 583, 585, 586, 587, 588, 589, 590, 591, 593, 595, 596, 597], "excluded_lines": [], "functions": {"handle_migrate_check": {"executed_lines": [], "summary": {"covered_lines": 0, "num_statements": 37, "percent_covered": 0.0, "percent_covered_display": "0", "missing_lines": 37, "excluded_lines": 0, "percent_statements_covered": 0.0, "percent_statements_covered_display": "0"}, "missing_lines": [44, 47, 48, 49, 51, 52, 56, 64, 67, 70, 73, 74, 75, 76, 77, 78, 79, 80, 81, 83, 85, 88, 89, 90, 91, 93, 95, 97, 98, 99, 100, 102, 103, 107, 109, 110, 111], "excluded_lines": [], "start_line": 39}, "handle_migrate_start": {"executed_lines": [], "summary": {"covered_lines": 0, "num_statements": 90, "percent_covered": 0.0, "percent_covered_display": "0", "missing_lines": 90, "excluded_lines": 0, "percent_statements_covered": 0.0, "percent_statements_covered_display": "0"}, "missing_lines": [119, 122, 123, 124, 128, 129, 130, 132, 135, 136, 143, 146, 147, 148, 152, 155, 156, 163, 166, 167, 170, 171, 172, 173, 174, 175, 176, 177, 178, 179, 180, 181, 184, 185, 186, 188, 190, 191, 192, 193, 194, 195, 196, 199, 200, 201, 204, 206, 208, 209, 210, 213, 214, 215, 216, 217, 219, 220, 222, 223, 226, 227, 228, 229, 230, 232, 235, 236, 237, 240, 243, 245, 247, 248, 249, 250, 251, 252, 253, 254, 257, 258, 259, 260, 261, 263, 265, 266, 267, 270], "excluded_lines": [], "start_line": 114}, "handle_migrate_status": {"executed_lines": [], "summary": {"covered_lines": 0, "num_statements": 31, "percent_covered": 0.0, "percent_covered_display": "0", "missing_lines": 31, "excluded_lines": 0, "percent_statements_covered": 0.0, "percent_statements_covered_display": "0"}, "missing_lines": [278, 281, 282, 283, 285, 287, 288, 289, 291, 293, 294, 296, 297, 298, 299, 300, 301, 303, 304, 307, 308, 309, 310, 311, 312, 313, 314, 316, 318, 319, 320], "excluded_lines": [], "start_line": 273}, "handle_db_clear": {"executed_lines": [], "summary": {"covered_lines": 0, "num_statements": 25, "percent_covered": 0.0, "percent_covered_display": "0", "missing_lines": 25, "excluded_lines": 0, "percent_statements_covered": 0.0, "percent_statements_covered_display": "0"}, "missing_lines": [328, 331, 332, 333, 335, 337, 338, 339, 344, 347, 356, 359, 362, 363, 364, 367, 370, 371, 372, 373, 376, 378, 380, 381, 382], "excluded_lines": [], "start_line": 323}, "handle_db_clear_confirm": {"executed_lines": [], "summary": {"covered_lines": 0, "num_statements": 37, "percent_covered": 0.0, "percent_covered_display": "0", "missing_lines": 37, "excluded_lines": 0, "percent_statements_covered": 0.0, "percent_statements_covered_display": "0"}, "missing_lines": [390, 393, 394, 395, 398, 399, 400, 402, 404, 406, 409, 418, 421, 433, 434, 436, 437, 438, 439, 440, 441, 442, 443, 446, 448, 449, 450, 451, 453, 454, 455, 456, 458, 460, 462, 463, 464], "excluded_lines": [], "start_line": 385}, "handle_db_clear_cancel": {"executed_lines": [], "summary": {"covered_lines": 0, "num_statements": 8, "percent_covered": 0.0, "percent_covered_display": "0", "missing_lines": 8, "excluded_lines": 0, "percent_statements_covered": 0.0, "percent_statements_covered_display": "0"}, "missing_lines": [472, 475, 476, 477, 480, 481, 482, 484], "excluded_lines": [], "start_line": 467}, "handle_migrate_cleanup": {"executed_lines": [], "summary": {"covered_lines": 0, "num_statements": 20, "percent_covered": 0.0, "percent_covered_display": "0", "missing_lines": 20, "excluded_lines": 0, "percent_statements_covered": 0.0, "percent_statements_covered_display": "0"}, "missing_lines": [492, 495, 496, 497, 499, 501, 502, 503, 508, 510, 513, 514, 517, 520, 521, 524, 536, 538, 539, 540], "excluded_lines": [], "start_line": 487}, "handle_migrate_cleanup_confirm": {"executed_lines": [], "summary": {"covered_lines": 0, "num_statements": 28, "percent_covered": 0.0, "percent_covered_display": "0", "missing_lines": 28, "excluded_lines": 0, "percent_statements_covered": 0.0, "percent_statements_covered_display": "0"}, "missing_lines": [548, 551, 552, 553, 555, 556, 559, 560, 561, 564, 565, 568, 570, 571, 572, 582, 583, 585, 586, 587, 588, 589, 590, 591, 593, 595, 596, 597], "excluded_lines": [], "start_line": 543}, "": {"executed_lines": [], "summary": {"covered_lines": 0, "num_statements": 20, "percent_covered": 0.0, "percent_covered_display": "0", "missing_lines": 20, "excluded_lines": 0, "percent_statements_covered": 0.0, "percent_statements_covered_display": "0"}, "missing_lines": [19, 20, 21, 23, 24, 26, 27, 28, 29, 32, 33, 36, 39, 114, 273, 323, 385, 467, 487, 543], "excluded_lines": [], "start_line": 1}}, "classes": {"": {"executed_lines": [], "summary": {"covered_lines": 0, "num_statements": 296, "percent_covered": 0.0, "percent_covered_display": "0", "missing_lines": 296, "excluded_lines": 0, "percent_statements_covered": 0.0, "percent_statements_covered_display": "0"}, "missing_lines": [19, 20, 21, 23, 24, 26, 27, 28, 29, 32, 33, 36, 39, 44, 47, 48, 49, 51, 52, 56, 64, 67, 70, 73, 74, 75, 76, 77, 78, 79, 80, 81, 83, 85, 88, 89, 90, 91, 93, 95, 97, 98, 99, 100, 102, 103, 107, 109, 110, 111, 114, 119, 122, 123, 124, 128, 129, 130, 132, 135, 136, 143, 146, 147, 148, 152, 155, 156, 163, 166, 167, 170, 171, 172, 173, 174, 175, 176, 177, 178, 179, 180, 181, 184, 185, 186, 188, 190, 191, 192, 193, 194, 195, 196, 199, 200, 201, 204, 206, 208, 209, 210, 213, 214, 215, 216, 217, 219, 220, 222, 223, 226, 227, 228, 229, 230, 232, 235, 236, 237, 240, 243, 245, 247, 248, 249, 250, 251, 252, 253, 254, 257, 258, 259, 260, 261, 263, 265, 266, 267, 270, 273, 278, 281, 282, 283, 285, 287, 288, 289, 291, 293, 294, 296, 297, 298, 299, 300, 301, 303, 304, 307, 308, 309, 310, 311, 312, 313, 314, 316, 318, 319, 320, 323, 328, 331, 332, 333, 335, 337, 338, 339, 344, 347, 356, 359, 362, 363, 364, 367, 370, 371, 372, 373, 376, 378, 380, 381, 382, 385, 390, 393, 394, 395, 398, 399, 400, 402, 404, 406, 409, 418, 421, 433, 434, 436, 437, 438, 439, 440, 441, 442, 443, 446, 448, 449, 450, 451, 453, 454, 455, 456, 458, 460, 462, 463, 464, 467, 472, 475, 476, 477, 480, 481, 482, 484, 487, 492, 495, 496, 497, 499, 501, 502, 503, 508, 510, 513, 514, 517, 520, 521, 524, 536, 538, 539, 540, 543, 548, 551, 552, 553, 555, 556, 559, 560, 561, 564, 565, 568, 570, 571, 572, 582, 583, 585, 586, 587, 588, 589, 590, 591, 593, 595, 596, 597], "excluded_lines": [], "start_line": 1}}}, "core\\command_handlers\\other_commands.py": {"executed_lines": [], "summary": {"covered_lines": 0, "num_statements": 570, "percent_covered": 0.0, "percent_covered_display": "0", "missing_lines": 570, "excluded_lines": 0, "percent_statements_covered": 0.0, "percent_statements_covered_display": "0"}, "missing_lines": [17, 18, 19, 20, 22, 24, 51, 52, 57, 59, 60, 61, 63, 64, 65, 66, 68, 69, 70, 72, 73, 76, 78, 79, 80, 82, 83, 84, 85, 87, 88, 89, 91, 92, 93, 95, 97, 98, 99, 100, 102, 103, 104, 106, 109, 115, 117, 119, 120, 121, 122, 123, 124, 127, 129, 130, 131, 133, 134, 135, 136, 138, 142, 145, 146, 148, 149, 151, 152, 153, 154, 155, 156, 158, 160, 161, 162, 163, 166, 167, 170, 171, 173, 175, 176, 179, 180, 181, 184, 185, 188, 189, 192, 194, 195, 196, 198, 202, 209, 210, 213, 214, 216, 218, 219, 222, 224, 225, 226, 228, 229, 230, 231, 233, 234, 236, 238, 240, 241, 242, 243, 246, 247, 250, 253, 254, 256, 258, 260, 263, 265, 266, 267, 269, 270, 271, 272, 274, 276, 277, 278, 280, 281, 282, 284, 285, 286, 287, 289, 291, 292, 295, 297, 298, 299, 301, 302, 303, 304, 306, 308, 309, 310, 312, 313, 314, 316, 317, 318, 319, 321, 323, 324, 330, 332, 333, 334, 336, 337, 338, 339, 341, 342, 343, 344, 345, 346, 348, 350, 351, 352, 354, 355, 356, 358, 359, 360, 361, 363, 364, 366, 368, 369, 370, 371, 372, 373, 375, 376, 378, 379, 380, 383, 385, 386, 387, 389, 390, 391, 392, 394, 395, 396, 397, 398, 400, 401, 402, 404, 406, 407, 408, 410, 412, 413, 415, 416, 417, 420, 422, 423, 424, 425, 426, 427, 429, 433, 434, 444, 446, 447, 448, 449, 451, 452, 453, 454, 455, 456, 457, 459, 461, 465, 466, 475, 477, 487, 489, 490, 491, 492, 493, 494, 495, 497, 498, 499, 500, 502, 504, 505, 514, 516, 527, 529, 530, 531, 534, 536, 537, 538, 540, 541, 542, 543, 545, 546, 547, 548, 549, 551, 552, 553, 555, 557, 558, 559, 561, 563, 564, 565, 567, 569, 570, 571, 577, 579, 580, 581, 583, 584, 585, 586, 588, 589, 590, 591, 592, 593, 595, 597, 598, 599, 601, 603, 604, 605, 607, 608, 610, 614, 620, 621, 622, 623, 625, 626, 628, 629, 630, 632, 633, 634, 635, 637, 638, 640, 641, 643, 649, 655, 657, 659, 660, 661, 664, 666, 667, 668, 670, 671, 672, 673, 675, 676, 677, 678, 679, 681, 682, 683, 685, 687, 688, 689, 691, 692, 693, 694, 695, 697, 698, 700, 701, 702, 703, 704, 706, 707, 709, 711, 712, 713, 716, 722, 729, 730, 731, 732, 734, 736, 738, 740, 741, 742, 745, 747, 748, 749, 751, 752, 753, 754, 756, 757, 758, 759, 760, 762, 763, 764, 766, 768, 769, 770, 772, 774, 775, 776, 780, 781, 790, 792, 793, 794, 800, 802, 803, 804, 806, 807, 808, 809, 811, 812, 813, 815, 816, 817, 819, 821, 822, 823, 825, 826, 827, 829, 830, 831, 832, 833, 834, 835, 838, 840, 841, 843, 844, 845, 846, 848, 850, 851, 852, 853, 854, 855, 856, 858, 859, 860, 861, 863, 864, 865, 871, 873, 874, 875, 877, 878, 899, 900, 902, 903, 904, 907, 909, 910, 911, 913, 914, 976, 977, 979, 980, 981, 984, 986, 987, 988, 990, 991, 992, 993, 995, 996, 998, 999, 1000, 1001, 1003, 1010, 1012, 1013, 1014, 1020, 1022, 1023, 1024, 1026, 1027, 1030, 1031, 1033, 1035, 1036, 1043, 1045, 1046, 1047, 1050, 1053, 1054, 1055, 1056, 1059, 1061, 1063, 1064, 1065, 1067, 1070, 1072, 1073, 1075, 1077, 1079, 1080, 1081], "excluded_lines": [], "functions": {"handle_show_log_level": {"executed_lines": [], "summary": {"covered_lines": 0, "num_statements": 12, "percent_covered": 0.0, "percent_covered_display": "0", "missing_lines": 12, "excluded_lines": 0, "percent_statements_covered": 0.0, "percent_statements_covered_display": "0"}, "missing_lines": [59, 60, 61, 63, 64, 65, 66, 68, 69, 70, 72, 73], "excluded_lines": [], "start_line": 57}, "handle_set_log_level": {"executed_lines": [], "summary": {"covered_lines": 0, "num_statements": 31, "percent_covered": 0.0, "percent_covered_display": "0", "missing_lines": 31, "excluded_lines": 0, "percent_statements_covered": 0.0, "percent_statements_covered_display": "0"}, "missing_lines": [78, 79, 80, 82, 83, 84, 85, 87, 88, 89, 91, 92, 93, 95, 97, 98, 99, 100, 102, 103, 104, 106, 109, 115, 117, 119, 120, 121, 122, 123, 124], "excluded_lines": [], "start_line": 76}, "handle_restart": {"executed_lines": [], "summary": {"covered_lines": 0, "num_statements": 51, "percent_covered": 0.0, "percent_covered_display": "0", "missing_lines": 51, "excluded_lines": 0, "percent_statements_covered": 0.0, "percent_statements_covered_display": "0"}, "missing_lines": [129, 130, 131, 133, 134, 135, 136, 138, 142, 145, 146, 148, 149, 151, 152, 153, 154, 155, 156, 158, 160, 161, 162, 163, 166, 167, 170, 171, 173, 175, 176, 179, 180, 181, 184, 185, 188, 189, 192, 194, 195, 196, 198, 202, 209, 210, 213, 214, 216, 218, 219], "excluded_lines": [], "start_line": 127}, "handle_shutdown": {"executed_lines": [], "summary": {"covered_lines": 0, "num_statements": 23, "percent_covered": 0.0, "percent_covered_display": "0", "missing_lines": 23, "excluded_lines": 0, "percent_statements_covered": 0.0, "percent_statements_covered_display": "0"}, "missing_lines": [224, 225, 226, 228, 229, 230, 231, 233, 234, 236, 238, 240, 241, 242, 243, 246, 247, 250, 253, 254, 256, 258, 260], "excluded_lines": [], "start_line": 222}, "handle_pause": {"executed_lines": [], "summary": {"covered_lines": 0, "num_statements": 21, "percent_covered": 0.0, "percent_covered_display": "0", "missing_lines": 21, "excluded_lines": 0, "percent_statements_covered": 0.0, "percent_statements_covered_display": "0"}, "missing_lines": [265, 266, 267, 269, 270, 271, 272, 274, 276, 277, 278, 280, 281, 282, 284, 285, 286, 287, 289, 291, 292], "excluded_lines": [], "start_line": 263}, "handle_resume": {"executed_lines": [], "summary": {"covered_lines": 0, "num_statements": 21, "percent_covered": 0.0, "percent_covered_display": "0", "missing_lines": 21, "excluded_lines": 0, "percent_statements_covered": 0.0, "percent_statements_covered_display": "0"}, "missing_lines": [297, 298, 299, 301, 302, 303, 304, 306, 308, 309, 310, 312, 313, 314, 316, 317, 318, 319, 321, 323, 324], "excluded_lines": [], "start_line": 295}, "handle_show_channel_schedule": {"executed_lines": [], "summary": {"covered_lines": 0, "num_statements": 38, "percent_covered": 0.0, "percent_covered_display": "0", "missing_lines": 38, "excluded_lines": 0, "percent_statements_covered": 0.0, "percent_statements_covered_display": "0"}, "missing_lines": [332, 333, 334, 336, 337, 338, 339, 341, 342, 343, 344, 345, 346, 348, 350, 351, 352, 354, 355, 356, 358, 359, 360, 361, 363, 364, 366, 368, 369, 370, 371, 372, 373, 375, 376, 378, 379, 380], "excluded_lines": [], "start_line": 330}, "handle_set_channel_schedule": {"executed_lines": [], "summary": {"covered_lines": 0, "num_statements": 74, "percent_covered": 0.0, "percent_covered_display": "0", "missing_lines": 74, "excluded_lines": 0, "percent_statements_covered": 0.0, "percent_statements_covered_display": "0"}, "missing_lines": [385, 386, 387, 389, 390, 391, 392, 394, 395, 396, 397, 398, 400, 401, 402, 404, 406, 407, 408, 410, 412, 413, 415, 416, 417, 420, 422, 423, 424, 425, 426, 427, 429, 433, 434, 444, 446, 447, 448, 449, 451, 452, 453, 454, 455, 456, 457, 459, 461, 465, 466, 475, 477, 487, 489, 490, 491, 492, 493, 494, 495, 497, 498, 499, 500, 502, 504, 505, 514, 516, 527, 529, 530, 531], "excluded_lines": [], "start_line": 383}, "handle_delete_channel_schedule": {"executed_lines": [], "summary": {"covered_lines": 0, "num_statements": 27, "percent_covered": 0.0, "percent_covered_display": "0", "missing_lines": 27, "excluded_lines": 0, "percent_statements_covered": 0.0, "percent_statements_covered_display": "0"}, "missing_lines": [536, 537, 538, 540, 541, 542, 543, 545, 546, 547, 548, 549, 551, 552, 553, 555, 557, 558, 559, 561, 563, 564, 565, 567, 569, 570, 571], "excluded_lines": [], "start_line": 534}, "handle_show_channel_poll": {"executed_lines": [], "summary": {"covered_lines": 0, "num_statements": 49, "percent_covered": 0.0, "percent_covered_display": "0", "missing_lines": 49, "excluded_lines": 0, "percent_statements_covered": 0.0, "percent_statements_covered_display": "0"}, "missing_lines": [579, 580, 581, 583, 584, 585, 586, 588, 589, 590, 591, 592, 593, 595, 597, 598, 599, 601, 603, 604, 605, 607, 608, 610, 614, 620, 621, 622, 623, 625, 626, 628, 629, 630, 632, 633, 634, 635, 637, 638, 640, 641, 643, 649, 655, 657, 659, 660, 661], "excluded_lines": [], "start_line": 577}, "handle_set_channel_poll": {"executed_lines": [], "summary": {"covered_lines": 0, "num_statements": 49, "percent_covered": 0.0, "percent_covered_display": "0", "missing_lines": 49, "excluded_lines": 0, "percent_statements_covered": 0.0, "percent_statements_covered_display": "0"}, "missing_lines": [666, 667, 668, 670, 671, 672, 673, 675, 676, 677, 678, 679, 681, 682, 683, 685, 687, 688, 689, 691, 692, 693, 694, 695, 697, 698, 700, 701, 702, 703, 704, 706, 707, 709, 711, 712, 713, 716, 722, 729, 730, 731, 732, 734, 736, 738, 740, 741, 742], "excluded_lines": [], "start_line": 664}, "handle_delete_channel_poll": {"executed_lines": [], "summary": {"covered_lines": 0, "num_statements": 29, "percent_covered": 0.0, "percent_covered_display": "0", "missing_lines": 29, "excluded_lines": 0, "percent_statements_covered": 0.0, "percent_statements_covered_display": "0"}, "missing_lines": [747, 748, 749, 751, 752, 753, 754, 756, 757, 758, 759, 760, 762, 763, 764, 766, 768, 769, 770, 772, 774, 775, 776, 780, 781, 790, 792, 793, 794], "excluded_lines": [], "start_line": 745}, "handle_set_send_to_source": {"executed_lines": [], "summary": {"covered_lines": 0, "num_statements": 27, "percent_covered": 0.0, "percent_covered_display": "0", "missing_lines": 27, "excluded_lines": 0, "percent_statements_covered": 0.0, "percent_statements_covered_display": "0"}, "missing_lines": [802, 803, 804, 806, 807, 808, 809, 811, 812, 813, 815, 816, 817, 819, 821, 822, 823, 825, 826, 827, 829, 830, 831, 832, 833, 834, 835], "excluded_lines": [], "start_line": 800}, "handle_clear_cache": {"executed_lines": [], "summary": {"covered_lines": 0, "num_statements": 21, "percent_covered": 0.0, "percent_covered_display": "0", "missing_lines": 21, "excluded_lines": 0, "percent_statements_covered": 0.0, "percent_statements_covered_display": "0"}, "missing_lines": [840, 841, 843, 844, 845, 846, 848, 850, 851, 852, 853, 854, 855, 856, 858, 859, 860, 861, 863, 864, 865], "excluded_lines": [], "start_line": 838}, "handle_start": {"executed_lines": [], "summary": {"covered_lines": 0, "num_statements": 10, "percent_covered": 0.0, "percent_covered_display": "0", "missing_lines": 10, "excluded_lines": 0, "percent_statements_covered": 0.0, "percent_statements_covered_display": "0"}, "missing_lines": [873, 874, 875, 877, 878, 899, 900, 902, 903, 904], "excluded_lines": [], "start_line": 871}, "handle_help": {"executed_lines": [], "summary": {"covered_lines": 0, "num_statements": 10, "percent_covered": 0.0, "percent_covered_display": "0", "missing_lines": 10, "excluded_lines": 0, "percent_statements_covered": 0.0, "percent_statements_covered_display": "0"}, "missing_lines": [909, 910, 911, 913, 914, 976, 977, 979, 980, 981], "excluded_lines": [], "start_line": 907}, "handle_changelog": {"executed_lines": [], "summary": {"covered_lines": 0, "num_statements": 18, "percent_covered": 0.0, "percent_covered_display": "0", "missing_lines": 18, "excluded_lines": 0, "percent_statements_covered": 0.0, "percent_statements_covered_display": "0"}, "missing_lines": [986, 987, 988, 990, 991, 992, 993, 995, 996, 998, 999, 1000, 1001, 1003, 1010, 1012, 1013, 1014], "excluded_lines": [], "start_line": 984}, "handle_language": {"executed_lines": [], "summary": {"covered_lines": 0, "num_statements": 33, "percent_covered": 0.0, "percent_covered_display": "0", "missing_lines": 33, "excluded_lines": 0, "percent_statements_covered": 0.0, "percent_statements_covered_display": "0"}, "missing_lines": [1022, 1023, 1024, 1026, 1027, 1030, 1031, 1033, 1035, 1036, 1043, 1045, 1046, 1047, 1050, 1053, 1054, 1055, 1056, 1059, 1061, 1063, 1064, 1065, 1067, 1070, 1072, 1073, 1075, 1077, 1079, 1080, 1081], "excluded_lines": [], "start_line": 1020}, "": {"executed_lines": [], "summary": {"covered_lines": 0, "num_statements": 26, "percent_covered": 0.0, "percent_covered_display": "0", "missing_lines": 26, "excluded_lines": 0, "percent_statements_covered": 0.0, "percent_statements_covered_display": "0"}, "missing_lines": [17, 18, 19, 20, 22, 24, 51, 52, 57, 76, 127, 222, 263, 295, 330, 383, 534, 577, 664, 745, 800, 838, 871, 907, 984, 1020], "excluded_lines": [], "start_line": 1}}, "classes": {"": {"executed_lines": [], "summary": {"covered_lines": 0, "num_statements": 570, "percent_covered": 0.0, "percent_covered_display": "0", "missing_lines": 570, "excluded_lines": 0, "percent_statements_covered": 0.0, "percent_statements_covered_display": "0"}, "missing_lines": [17, 18, 19, 20, 22, 24, 51, 52, 57, 59, 60, 61, 63, 64, 65, 66, 68, 69, 70, 72, 73, 76, 78, 79, 80, 82, 83, 84, 85, 87, 88, 89, 91, 92, 93, 95, 97, 98, 99, 100, 102, 103, 104, 106, 109, 115, 117, 119, 120, 121, 122, 123, 124, 127, 129, 130, 131, 133, 134, 135, 136, 138, 142, 145, 146, 148, 149, 151, 152, 153, 154, 155, 156, 158, 160, 161, 162, 163, 166, 167, 170, 171, 173, 175, 176, 179, 180, 181, 184, 185, 188, 189, 192, 194, 195, 196, 198, 202, 209, 210, 213, 214, 216, 218, 219, 222, 224, 225, 226, 228, 229, 230, 231, 233, 234, 236, 238, 240, 241, 242, 243, 246, 247, 250, 253, 254, 256, 258, 260, 263, 265, 266, 267, 269, 270, 271, 272, 274, 276, 277, 278, 280, 281, 282, 284, 285, 286, 287, 289, 291, 292, 295, 297, 298, 299, 301, 302, 303, 304, 306, 308, 309, 310, 312, 313, 314, 316, 317, 318, 319, 321, 323, 324, 330, 332, 333, 334, 336, 337, 338, 339, 341, 342, 343, 344, 345, 346, 348, 350, 351, 352, 354, 355, 356, 358, 359, 360, 361, 363, 364, 366, 368, 369, 370, 371, 372, 373, 375, 376, 378, 379, 380, 383, 385, 386, 387, 389, 390, 391, 392, 394, 395, 396, 397, 398, 400, 401, 402, 404, 406, 407, 408, 410, 412, 413, 415, 416, 417, 420, 422, 423, 424, 425, 426, 427, 429, 433, 434, 444, 446, 447, 448, 449, 451, 452, 453, 454, 455, 456, 457, 459, 461, 465, 466, 475, 477, 487, 489, 490, 491, 492, 493, 494, 495, 497, 498, 499, 500, 502, 504, 505, 514, 516, 527, 529, 530, 531, 534, 536, 537, 538, 540, 541, 542, 543, 545, 546, 547, 548, 549, 551, 552, 553, 555, 557, 558, 559, 561, 563, 564, 565, 567, 569, 570, 571, 577, 579, 580, 581, 583, 584, 585, 586, 588, 589, 590, 591, 592, 593, 595, 597, 598, 599, 601, 603, 604, 605, 607, 608, 610, 614, 620, 621, 622, 623, 625, 626, 628, 629, 630, 632, 633, 634, 635, 637, 638, 640, 641, 643, 649, 655, 657, 659, 660, 661, 664, 666, 667, 668, 670, 671, 672, 673, 675, 676, 677, 678, 679, 681, 682, 683, 685, 687, 688, 689, 691, 692, 693, 694, 695, 697, 698, 700, 701, 702, 703, 704, 706, 707, 709, 711, 712, 713, 716, 722, 729, 730, 731, 732, 734, 736, 738, 740, 741, 742, 745, 747, 748, 749, 751, 752, 753, 754, 756, 757, 758, 759, 760, 762, 763, 764, 766, 768, 769, 770, 772, 774, 775, 776, 780, 781, 790, 792, 793, 794, 800, 802, 803, 804, 806, 807, 808, 809, 811, 812, 813, 815, 816, 817, 819, 821, 822, 823, 825, 826, 827, 829, 830, 831, 832, 833, 834, 835, 838, 840, 841, 843, 844, 845, 846, 848, 850, 851, 852, 853, 854, 855, 856, 858, 859, 860, 861, 863, 864, 865, 871, 873, 874, 875, 877, 878, 899, 900, 902, 903, 904, 907, 909, 910, 911, 913, 914, 976, 977, 979, 980, 981, 984, 986, 987, 988, 990, 991, 992, 993, 995, 996, 998, 999, 1000, 1001, 1003, 1010, 1012, 1013, 1014, 1020, 1022, 1023, 1024, 1026, 1027, 1030, 1031, 1033, 1035, 1036, 1043, 1045, 1046, 1047, 1050, 1053, 1054, 1055, 1056, 1059, 1061, 1063, 1064, 1065, 1067, 1070, 1072, 1073, 1075, 1077, 1079, 1080, 1081], "excluded_lines": [], "start_line": 1}}}, "core\\command_handlers\\prompt_commands.py": {"executed_lines": [], "summary": {"covered_lines": 0, "num_statements": 95, "percent_covered": 0.0, "percent_covered_display": "0", "missing_lines": 95, "excluded_lines": 0, "percent_statements_covered": 0.0, "percent_statements_covered_display": "0"}, "missing_lines": [17, 18, 19, 20, 21, 24, 26, 27, 28, 31, 32, 33, 34, 36, 37, 38, 39, 42, 44, 45, 46, 49, 50, 51, 52, 55, 56, 57, 58, 59, 60, 63, 65, 66, 69, 70, 71, 73, 76, 77, 78, 79, 82, 83, 90, 91, 94, 95, 97, 98, 101, 103, 104, 105, 108, 109, 110, 111, 113, 114, 115, 116, 119, 121, 122, 123, 126, 127, 128, 129, 132, 133, 134, 135, 136, 137, 140, 142, 143, 146, 147, 148, 150, 153, 154, 155, 156, 159, 160, 167, 168, 171, 172, 174, 175], "excluded_lines": [], "functions": {"handle_show_prompt": {"executed_lines": [], "summary": {"covered_lines": 0, "num_statements": 11, "percent_covered": 0.0, "percent_covered_display": "0", "missing_lines": 11, "excluded_lines": 0, "percent_statements_covered": 0.0, "percent_statements_covered_display": "0"}, "missing_lines": [26, 27, 28, 31, 32, 33, 34, 36, 37, 38, 39], "excluded_lines": [], "start_line": 24}, "handle_set_prompt": {"executed_lines": [], "summary": {"covered_lines": 0, "num_statements": 13, "percent_covered": 0.0, "percent_covered_display": "0", "missing_lines": 13, "excluded_lines": 0, "percent_statements_covered": 0.0, "percent_statements_covered_display": "0"}, "missing_lines": [44, 45, 46, 49, 50, 51, 52, 55, 56, 57, 58, 59, 60], "excluded_lines": [], "start_line": 42}, "handle_prompt_input": {"executed_lines": [], "summary": {"covered_lines": 0, "num_statements": 18, "percent_covered": 0.0, "percent_covered_display": "0", "missing_lines": 18, "excluded_lines": 0, "percent_statements_covered": 0.0, "percent_statements_covered_display": "0"}, "missing_lines": [65, 66, 69, 70, 71, 73, 76, 77, 78, 79, 82, 83, 90, 91, 94, 95, 97, 98], "excluded_lines": [], "start_line": 63}, "handle_show_poll_prompt": {"executed_lines": [], "summary": {"covered_lines": 0, "num_statements": 11, "percent_covered": 0.0, "percent_covered_display": "0", "missing_lines": 11, "excluded_lines": 0, "percent_statements_covered": 0.0, "percent_statements_covered_display": "0"}, "missing_lines": [103, 104, 105, 108, 109, 110, 111, 113, 114, 115, 116], "excluded_lines": [], "start_line": 101}, "handle_set_poll_prompt": {"executed_lines": [], "summary": {"covered_lines": 0, "num_statements": 13, "percent_covered": 0.0, "percent_covered_display": "0", "missing_lines": 13, "excluded_lines": 0, "percent_statements_covered": 0.0, "percent_statements_covered_display": "0"}, "missing_lines": [121, 122, 123, 126, 127, 128, 129, 132, 133, 134, 135, 136, 137], "excluded_lines": [], "start_line": 119}, "handle_poll_prompt_input": {"executed_lines": [], "summary": {"covered_lines": 0, "num_statements": 18, "percent_covered": 0.0, "percent_covered_display": "0", "missing_lines": 18, "excluded_lines": 0, "percent_statements_covered": 0.0, "percent_statements_covered_display": "0"}, "missing_lines": [142, 143, 146, 147, 148, 150, 153, 154, 155, 156, 159, 160, 167, 168, 171, 172, 174, 175], "excluded_lines": [], "start_line": 140}, "": {"executed_lines": [], "summary": {"covered_lines": 0, "num_statements": 11, "percent_covered": 0.0, "percent_covered_display": "0", "missing_lines": 11, "excluded_lines": 0, "percent_statements_covered": 0.0, "percent_statements_covered_display": "0"}, "missing_lines": [17, 18, 19, 20, 21, 24, 42, 63, 101, 119, 140], "excluded_lines": [], "start_line": 1}}, "classes": {"": {"executed_lines": [], "summary": {"covered_lines": 0, "num_statements": 95, "percent_covered": 0.0, "percent_covered_display": "0", "missing_lines": 95, "excluded_lines": 0, "percent_statements_covered": 0.0, "percent_statements_covered_display": "0"}, "missing_lines": [17, 18, 19, 20, 21, 24, 26, 27, 28, 31, 32, 33, 34, 36, 37, 38, 39, 42, 44, 45, 46, 49, 50, 51, 52, 55, 56, 57, 58, 59, 60, 63, 65, 66, 69, 70, 71, 73, 76, 77, 78, 79, 82, 83, 90, 91, 94, 95, 97, 98, 101, 103, 104, 105, 108, 109, 110, 111, 113, 114, 115, 116, 119, 121, 122, 123, 126, 127, 128, 129, 132, 133, 134, 135, 136, 137, 140, 142, 143, 146, 147, 148, 150, 153, 154, 155, 156, 159, 160, 167, 168, 171, 172, 174, 175], "excluded_lines": [], "start_line": 1}}}, "core\\command_handlers\\qa_control_commands.py": {"executed_lines": [], "summary": {"covered_lines": 0, "num_statements": 198, "percent_covered": 0.0, "percent_covered_display": "0", "missing_lines": 198, "excluded_lines": 0, "percent_statements_covered": 0.0, "percent_statements_covered_display": "0"}, "missing_lines": [18, 20, 21, 22, 23, 31, 34, 36, 37, 38, 40, 41, 42, 43, 45, 47, 50, 53, 54, 55, 56, 57, 58, 60, 61, 62, 63, 65, 68, 73, 79, 80, 83, 84, 85, 88, 89, 91, 92, 93, 95, 96, 97, 98, 99, 102, 104, 105, 106, 108, 109, 110, 111, 112, 113, 115, 116, 118, 119, 120, 123, 125, 126, 127, 129, 130, 131, 132, 134, 136, 138, 139, 140, 142, 143, 144, 146, 147, 148, 151, 152, 154, 155, 156, 158, 160, 161, 162, 165, 167, 168, 169, 171, 172, 173, 174, 176, 178, 180, 181, 182, 185, 186, 188, 189, 191, 193, 194, 195, 198, 200, 201, 202, 204, 205, 206, 207, 209, 211, 213, 214, 215, 217, 218, 219, 222, 223, 225, 226, 227, 229, 231, 232, 233, 236, 238, 239, 240, 242, 243, 244, 245, 247, 248, 251, 252, 253, 254, 255, 256, 260, 261, 264, 265, 266, 268, 269, 270, 271, 272, 274, 275, 276, 277, 278, 280, 281, 284, 287, 289, 290, 291, 296, 297, 300, 301, 302, 303, 304, 309, 310, 313, 316, 317, 318, 319, 322, 325, 327, 328, 329, 330, 332, 334, 335, 337, 338, 339], "excluded_lines": [], "functions": {"handle_qa_status": {"executed_lines": [], "summary": {"covered_lines": 0, "num_statements": 53, "percent_covered": 0.0, "percent_covered_display": "0", "missing_lines": 53, "excluded_lines": 0, "percent_statements_covered": 0.0, "percent_statements_covered_display": "0"}, "missing_lines": [36, 37, 38, 40, 41, 42, 43, 45, 47, 50, 53, 54, 55, 56, 57, 58, 60, 61, 62, 63, 65, 68, 73, 79, 80, 83, 84, 85, 88, 89, 91, 92, 93, 95, 96, 97, 98, 99, 102, 104, 105, 106, 108, 109, 110, 111, 112, 113, 115, 116, 118, 119, 120], "excluded_lines": [], "start_line": 34}, "handle_qa_start": {"executed_lines": [], "summary": {"covered_lines": 0, "num_statements": 27, "percent_covered": 0.0, "percent_covered_display": "0", "missing_lines": 27, "excluded_lines": 0, "percent_statements_covered": 0.0, "percent_statements_covered_display": "0"}, "missing_lines": [125, 126, 127, 129, 130, 131, 132, 134, 136, 138, 139, 140, 142, 143, 144, 146, 147, 148, 151, 152, 154, 155, 156, 158, 160, 161, 162], "excluded_lines": [], "start_line": 123}, "handle_qa_stop": {"executed_lines": [], "summary": {"covered_lines": 0, "num_statements": 20, "percent_covered": 0.0, "percent_covered_display": "0", "missing_lines": 20, "excluded_lines": 0, "percent_statements_covered": 0.0, "percent_statements_covered_display": "0"}, "missing_lines": [167, 168, 169, 171, 172, 173, 174, 176, 178, 180, 181, 182, 185, 186, 188, 189, 191, 193, 194, 195], "excluded_lines": [], "start_line": 165}, "handle_qa_restart": {"executed_lines": [], "summary": {"covered_lines": 0, "num_statements": 24, "percent_covered": 0.0, "percent_covered_display": "0", "missing_lines": 24, "excluded_lines": 0, "percent_statements_covered": 0.0, "percent_statements_covered_display": "0"}, "missing_lines": [200, 201, 202, 204, 205, 206, 207, 209, 211, 213, 214, 215, 217, 218, 219, 222, 223, 225, 226, 227, 229, 231, 232, 233], "excluded_lines": [], "start_line": 198}, "handle_qa_stats": {"executed_lines": [], "summary": {"covered_lines": 0, "num_statements": 63, "percent_covered": 0.0, "percent_covered_display": "0", "missing_lines": 63, "excluded_lines": 0, "percent_statements_covered": 0.0, "percent_statements_covered_display": "0"}, "missing_lines": [238, 239, 240, 242, 243, 244, 245, 247, 248, 251, 252, 253, 254, 255, 256, 260, 261, 264, 265, 266, 268, 269, 270, 271, 272, 274, 275, 276, 277, 278, 280, 281, 284, 287, 289, 290, 291, 296, 297, 300, 301, 302, 303, 304, 309, 310, 313, 316, 317, 318, 319, 322, 325, 327, 328, 329, 330, 332, 334, 335, 337, 338, 339], "excluded_lines": [], "start_line": 236}, "": {"executed_lines": [], "summary": {"covered_lines": 0, "num_statements": 11, "percent_covered": 0.0, "percent_covered_display": "0", "missing_lines": 11, "excluded_lines": 0, "percent_statements_covered": 0.0, "percent_statements_covered_display": "0"}, "missing_lines": [18, 20, 21, 22, 23, 31, 34, 123, 165, 198, 236], "excluded_lines": [], "start_line": 1}}, "classes": {"": {"executed_lines": [], "summary": {"covered_lines": 0, "num_statements": 198, "percent_covered": 0.0, "percent_covered_display": "0", "missing_lines": 198, "excluded_lines": 0, "percent_statements_covered": 0.0, "percent_statements_covered_display": "0"}, "missing_lines": [18, 20, 21, 22, 23, 31, 34, 36, 37, 38, 40, 41, 42, 43, 45, 47, 50, 53, 54, 55, 56, 57, 58, 60, 61, 62, 63, 65, 68, 73, 79, 80, 83, 84, 85, 88, 89, 91, 92, 93, 95, 96, 97, 98, 99, 102, 104, 105, 106, 108, 109, 110, 111, 112, 113, 115, 116, 118, 119, 120, 123, 125, 126, 127, 129, 130, 131, 132, 134, 136, 138, 139, 140, 142, 143, 144, 146, 147, 148, 151, 152, 154, 155, 156, 158, 160, 161, 162, 165, 167, 168, 169, 171, 172, 173, 174, 176, 178, 180, 181, 182, 185, 186, 188, 189, 191, 193, 194, 195, 198, 200, 201, 202, 204, 205, 206, 207, 209, 211, 213, 214, 215, 217, 218, 219, 222, 223, 225, 226, 227, 229, 231, 232, 233, 236, 238, 239, 240, 242, 243, 244, 245, 247, 248, 251, 252, 253, 254, 255, 256, 260, 261, 264, 265, 266, 268, 269, 270, 271, 272, 274, 275, 276, 277, 278, 280, 281, 284, 287, 289, 290, 291, 296, 297, 300, 301, 302, 303, 304, 309, 310, 313, 316, 317, 318, 319, 322, 325, 327, 328, 329, 330, 332, 334, 335, 337, 338, 339], "excluded_lines": [], "start_line": 1}}}, "core\\command_handlers\\summary_commands.py": {"executed_lines": [], "summary": {"covered_lines": 0, "num_statements": 269, "percent_covered": 0.0, "percent_covered_display": "0", "missing_lines": 269, "excluded_lines": 0, "percent_statements_covered": 0.0, "percent_statements_covered_display": "0"}, "missing_lines": [17, 18, 19, 21, 23, 24, 32, 33, 34, 35, 36, 39, 63, 64, 67, 68, 69, 71, 72, 74, 75, 76, 77, 78, 79, 81, 82, 83, 84, 85, 86, 89, 92, 94, 95, 98, 105, 106, 107, 108, 110, 113, 114, 115, 116, 117, 118, 119, 122, 123, 126, 127, 128, 130, 132, 133, 136, 137, 140, 141, 145, 153, 156, 157, 158, 161, 164, 165, 179, 180, 183, 184, 185, 197, 198, 200, 204, 206, 208, 209, 216, 217, 225, 230, 231, 233, 235, 239, 240, 241, 242, 245, 246, 247, 248, 251, 252, 254, 262, 264, 267, 275, 276, 277, 280, 282, 283, 284, 287, 288, 289, 290, 293, 294, 297, 299, 300, 302, 303, 304, 306, 309, 312, 313, 314, 315, 317, 319, 320, 321, 323, 326, 329, 331, 332, 333, 336, 338, 340, 341, 344, 346, 347, 350, 352, 353, 355, 356, 357, 358, 361, 364, 366, 367, 370, 377, 378, 379, 382, 383, 385, 386, 387, 388, 389, 390, 392, 394, 395, 396, 398, 400, 401, 404, 405, 408, 409, 413, 421, 424, 425, 426, 429, 432, 433, 447, 448, 451, 452, 453, 465, 466, 468, 472, 474, 476, 477, 484, 487, 488, 489, 497, 506, 507, 509, 511, 517, 518, 519, 520, 523, 524, 525, 526, 529, 530, 532, 540, 542, 544, 545, 546, 547, 548, 549, 555, 556, 557, 558, 561, 565, 566, 567, 570, 571, 572, 573, 575, 577, 578, 579, 581, 582, 583, 585, 587, 588, 590, 591, 592, 593, 594, 595, 597, 600, 603, 604, 610, 613, 619, 620, 623, 624, 625, 627, 628, 629, 630, 631], "excluded_lines": [], "functions": {"generate_channel_summary": {"executed_lines": [], "summary": {"covered_lines": 0, "num_statements": 92, "percent_covered": 0.0, "percent_covered_display": "0", "missing_lines": 92, "excluded_lines": 0, "percent_statements_covered": 0.0, "percent_statements_covered_display": "0"}, "missing_lines": [63, 64, 67, 68, 69, 71, 72, 74, 75, 76, 77, 78, 79, 81, 82, 83, 84, 85, 86, 89, 92, 94, 95, 98, 105, 106, 107, 108, 110, 113, 114, 115, 116, 117, 118, 119, 122, 123, 126, 127, 128, 130, 132, 133, 136, 137, 140, 141, 145, 153, 156, 157, 158, 161, 164, 165, 179, 180, 183, 184, 185, 197, 198, 200, 204, 206, 208, 209, 216, 217, 225, 230, 231, 233, 235, 239, 240, 241, 242, 245, 246, 247, 248, 251, 252, 254, 262, 264, 267, 275, 276, 277], "excluded_lines": [], "start_line": 39}, "handle_manual_summary": {"executed_lines": [], "summary": {"covered_lines": 0, "num_statements": 124, "percent_covered": 0.0, "percent_covered_display": "0", "missing_lines": 124, "excluded_lines": 0, "percent_statements_covered": 0.0, "percent_statements_covered_display": "0"}, "missing_lines": [282, 283, 284, 287, 288, 289, 290, 293, 294, 297, 299, 300, 302, 303, 304, 306, 309, 312, 313, 314, 315, 317, 319, 320, 321, 323, 326, 329, 331, 332, 333, 336, 338, 340, 341, 344, 346, 347, 350, 352, 353, 355, 356, 357, 358, 361, 364, 366, 367, 370, 377, 378, 379, 382, 383, 385, 386, 387, 388, 389, 390, 392, 394, 395, 396, 398, 400, 401, 404, 405, 408, 409, 413, 421, 424, 425, 426, 429, 432, 433, 447, 448, 451, 452, 453, 465, 466, 468, 472, 474, 476, 477, 484, 487, 488, 489, 497, 506, 507, 509, 511, 517, 518, 519, 520, 523, 524, 525, 526, 529, 530, 532, 540, 542, 544, 545, 546, 547, 548, 549, 555, 556, 557, 558], "excluded_lines": [], "start_line": 280}, "handle_clear_summary_time": {"executed_lines": [], "summary": {"covered_lines": 0, "num_statements": 39, "percent_covered": 0.0, "percent_covered_display": "0", "missing_lines": 39, "excluded_lines": 0, "percent_statements_covered": 0.0, "percent_statements_covered_display": "0"}, "missing_lines": [565, 566, 567, 570, 571, 572, 573, 575, 577, 578, 579, 581, 582, 583, 585, 587, 588, 590, 591, 592, 593, 594, 595, 597, 600, 603, 604, 610, 613, 619, 620, 623, 624, 625, 627, 628, 629, 630, 631], "excluded_lines": [], "start_line": 561}, "": {"executed_lines": [], "summary": {"covered_lines": 0, "num_statements": 14, "percent_covered": 0.0, "percent_covered_display": "0", "missing_lines": 14, "excluded_lines": 0, "percent_statements_covered": 0.0, "percent_statements_covered_display": "0"}, "missing_lines": [17, 18, 19, 21, 23, 24, 32, 33, 34, 35, 36, 39, 280, 561], "excluded_lines": [], "start_line": 1}}, "classes": {"": {"executed_lines": [], "summary": {"covered_lines": 0, "num_statements": 269, "percent_covered": 0.0, "percent_covered_display": "0", "missing_lines": 269, "excluded_lines": 0, "percent_statements_covered": 0.0, "percent_statements_covered_display": "0"}, "missing_lines": [17, 18, 19, 21, 23, 24, 32, 33, 34, 35, 36, 39, 63, 64, 67, 68, 69, 71, 72, 74, 75, 76, 77, 78, 79, 81, 82, 83, 84, 85, 86, 89, 92, 94, 95, 98, 105, 106, 107, 108, 110, 113, 114, 115, 116, 117, 118, 119, 122, 123, 126, 127, 128, 130, 132, 133, 136, 137, 140, 141, 145, 153, 156, 157, 158, 161, 164, 165, 179, 180, 183, 184, 185, 197, 198, 200, 204, 206, 208, 209, 216, 217, 225, 230, 231, 233, 235, 239, 240, 241, 242, 245, 246, 247, 248, 251, 252, 254, 262, 264, 267, 275, 276, 277, 280, 282, 283, 284, 287, 288, 289, 290, 293, 294, 297, 299, 300, 302, 303, 304, 306, 309, 312, 313, 314, 315, 317, 319, 320, 321, 323, 326, 329, 331, 332, 333, 336, 338, 340, 341, 344, 346, 347, 350, 352, 353, 355, 356, 357, 358, 361, 364, 366, 367, 370, 377, 378, 379, 382, 383, 385, 386, 387, 388, 389, 390, 392, 394, 395, 396, 398, 400, 401, 404, 405, 408, 409, 413, 421, 424, 425, 426, 429, 432, 433, 447, 448, 451, 452, 453, 465, 466, 468, 472, 474, 476, 477, 484, 487, 488, 489, 497, 506, 507, 509, 511, 517, 518, 519, 520, 523, 524, 525, 526, 529, 530, 532, 540, 542, 544, 545, 546, 547, 548, 549, 555, 556, 557, 558, 561, 565, 566, 567, 570, 571, 572, 573, 575, 577, 578, 579, 581, 582, 583, 585, 587, 588, 590, 591, 592, 593, 594, 595, 597, 600, 603, 604, 610, 613, 619, 620, 623, 624, 625, 627, 628, 629, 630, 631], "excluded_lines": [], "start_line": 1}}}, "core\\config.py": {"executed_lines": [13, 14, 15, 17, 19, 23, 26, 36, 38, 40, 44, 49, 52, 53, 54, 55, 56, 57, 61, 64, 67, 87, 105, 106, 107, 110, 112, 113, 114, 115, 117, 118, 119, 122, 123, 124, 130, 133, 137, 140, 143, 146, 147, 149, 152, 153, 156, 157, 160, 161, 163, 164, 172, 174, 176, 177, 178, 179, 180, 181, 194, 211, 268, 269, 273, 274, 275, 276, 279, 280, 285, 286, 288, 289, 291, 295, 297, 301, 303, 307, 310, 311, 312, 313, 316, 317, 320, 321, 324, 325, 327, 328, 331, 332, 338, 339, 342, 343, 344, 350, 353, 354, 355, 358, 359, 362, 367, 380, 387, 394, 395, 396, 399, 400, 401, 402, 403, 404, 409, 410, 411, 412, 413, 414, 420, 429, 430, 432, 444, 469, 501, 529, 539, 541, 547, 567, 607, 660, 669, 671, 678, 680, 681, 698, 723, 771, 808, 811, 829, 844, 889, 903, 920, 934, 964, 1007, 1037, 1058, 1070, 1081, 1096, 1155], "summary": {"covered_lines": 162, "num_statements": 493, "percent_covered": 32.860040567951316, "percent_covered_display": "33", "missing_lines": 331, "excluded_lines": 0, "percent_statements_covered": 32.860040567951316, "percent_statements_covered_display": "33"}, "missing_lines": [39, 126, 127, 167, 168, 182, 183, 184, 185, 186, 187, 188, 189, 190, 196, 198, 199, 200, 201, 202, 205, 207, 208, 225, 226, 227, 230, 231, 232, 233, 236, 237, 238, 241, 242, 243, 246, 247, 248, 249, 252, 253, 254, 255, 258, 259, 260, 262, 263, 264, 292, 293, 298, 299, 304, 305, 334, 335, 345, 346, 364, 370, 371, 372, 373, 374, 376, 377, 383, 384, 389, 406, 416, 435, 458, 460, 463, 478, 480, 483, 485, 488, 490, 491, 493, 494, 495, 496, 497, 512, 514, 515, 517, 518, 520, 521, 523, 543, 544, 546, 550, 551, 559, 576, 577, 580, 581, 582, 585, 586, 587, 588, 590, 591, 592, 595, 596, 598, 599, 601, 602, 604, 620, 622, 629, 630, 631, 632, 635, 636, 637, 638, 641, 644, 645, 648, 651, 653, 654, 655, 656, 657, 673, 688, 709, 710, 711, 717, 736, 738, 741, 742, 745, 746, 748, 751, 752, 753, 755, 756, 757, 762, 764, 765, 766, 767, 768, 782, 784, 787, 792, 795, 797, 798, 800, 801, 802, 803, 804, 817, 819, 820, 821, 822, 823, 824, 825, 826, 835, 837, 838, 839, 840, 841, 866, 868, 869, 870, 871, 882, 883, 884, 885, 886, 899, 900, 912, 913, 914, 915, 916, 917, 927, 928, 929, 930, 931, 943, 945, 946, 947, 948, 949, 950, 951, 952, 953, 954, 955, 956, 957, 958, 959, 960, 961, 977, 978, 981, 982, 985, 987, 990, 991, 992, 995, 996, 999, 1001, 1004, 1019, 1022, 1023, 1024, 1027, 1028, 1031, 1033, 1034, 1047, 1049, 1050, 1052, 1067, 1077, 1078, 1087, 1088, 1089, 1090, 1092, 1093, 1109, 1110, 1111, 1112, 1115, 1117, 1118, 1121, 1122, 1123, 1126, 1127, 1128, 1132, 1134, 1136, 1137, 1140, 1141, 1142, 1144, 1145, 1147, 1148, 1149, 1168, 1169, 1170, 1171, 1172, 1175, 1176, 1178, 1179, 1180, 1181, 1182, 1183, 1184, 1185, 1186, 1188, 1189, 1192, 1193, 1194, 1195, 1196, 1197, 1199, 1200, 1201, 1202, 1203, 1204, 1205, 1206, 1207, 1208, 1209], "excluded_lines": [], "functions": {"get_log_level": {"executed_lines": [38, 40], "summary": {"covered_lines": 2, "num_statements": 3, "percent_covered": 66.66666666666667, "percent_covered_display": "67", "missing_lines": 1, "excluded_lines": 0, "percent_statements_covered": 66.66666666666667, "percent_statements_covered_display": "67"}, "missing_lines": [39], "excluded_lines": [], "start_line": 36}, "load_config": {"executed_lines": [174, 176, 177, 178, 179, 180, 181], "summary": {"covered_lines": 7, "num_statements": 16, "percent_covered": 43.75, "percent_covered_display": "44", "missing_lines": 9, "excluded_lines": 0, "percent_statements_covered": 43.75, "percent_statements_covered_display": "44"}, "missing_lines": [182, 183, 184, 185, 186, 187, 188, 189, 190], "excluded_lines": [], "start_line": 172}, "save_config": {"executed_lines": [], "summary": {"covered_lines": 0, "num_statements": 9, "percent_covered": 0.0, "percent_covered_display": "0", "missing_lines": 9, "excluded_lines": 0, "percent_statements_covered": 0.0, "percent_statements_covered_display": "0"}, "missing_lines": [196, 198, 199, 200, 201, 202, 205, 207, 208], "excluded_lines": [], "start_line": 194}, "update_module_variables": {"executed_lines": [], "summary": {"covered_lines": 0, "num_statements": 27, "percent_covered": 0.0, "percent_covered_display": "0", "missing_lines": 27, "excluded_lines": 0, "percent_statements_covered": 0.0, "percent_statements_covered_display": "0"}, "missing_lines": [225, 226, 227, 230, 231, 232, 233, 236, 237, 238, 241, 242, 243, 246, 247, 248, 249, 252, 253, 254, 255, 258, 259, 260, 262, 263, 264], "excluded_lines": [], "start_line": 211}, "get_bot_state": {"executed_lines": [], "summary": {"covered_lines": 0, "num_statements": 1, "percent_covered": 0.0, "percent_covered_display": "0", "missing_lines": 1, "excluded_lines": 0, "percent_statements_covered": 0.0, "percent_statements_covered_display": "0"}, "missing_lines": [364], "excluded_lines": [], "start_line": 362}, "set_bot_state": {"executed_lines": [], "summary": {"covered_lines": 0, "num_statements": 7, "percent_covered": 0.0, "percent_covered_display": "0", "missing_lines": 7, "excluded_lines": 0, "percent_statements_covered": 0.0, "percent_statements_covered_display": "0"}, "missing_lines": [370, 371, 372, 373, 374, 376, 377], "excluded_lines": [], "start_line": 367}, "set_scheduler_instance": {"executed_lines": [], "summary": {"covered_lines": 0, "num_statements": 2, "percent_covered": 0.0, "percent_covered_display": "0", "missing_lines": 2, "excluded_lines": 0, "percent_statements_covered": 0.0, "percent_statements_covered_display": "0"}, "missing_lines": [383, 384], "excluded_lines": [], "start_line": 380}, "get_scheduler_instance": {"executed_lines": [], "summary": {"covered_lines": 0, "num_statements": 1, "percent_covered": 0.0, "percent_covered_display": "0", "missing_lines": 1, "excluded_lines": 0, "percent_statements_covered": 0.0, "percent_statements_covered_display": "0"}, "missing_lines": [389], "excluded_lines": [], "start_line": 387}, "get_channel_schedule": {"executed_lines": [429, 430, 432], "summary": {"covered_lines": 3, "num_statements": 4, "percent_covered": 75.0, "percent_covered_display": "75", "missing_lines": 1, "excluded_lines": 0, "percent_statements_covered": 75.0, "percent_statements_covered_display": "75"}, "missing_lines": [435], "excluded_lines": [], "start_line": 420}, "set_channel_schedule": {"executed_lines": [], "summary": {"covered_lines": 0, "num_statements": 3, "percent_covered": 0.0, "percent_covered_display": "0", "missing_lines": 3, "excluded_lines": 0, "percent_statements_covered": 0.0, "percent_statements_covered_display": "0"}, "missing_lines": [458, 460, 463], "excluded_lines": [], "start_line": 444}, "delete_channel_schedule": {"executed_lines": [], "summary": {"covered_lines": 0, "num_statements": 12, "percent_covered": 0.0, "percent_covered_display": "0", "missing_lines": 12, "excluded_lines": 0, "percent_statements_covered": 0.0, "percent_statements_covered_display": "0"}, "missing_lines": [478, 480, 483, 485, 488, 490, 491, 493, 494, 495, 496, 497], "excluded_lines": [], "start_line": 469}, "validate_schedule": {"executed_lines": [], "summary": {"covered_lines": 0, "num_statements": 8, "percent_covered": 0.0, "percent_covered_display": "0", "missing_lines": 8, "excluded_lines": 0, "percent_statements_covered": 0.0, "percent_statements_covered_display": "0"}, "missing_lines": [512, 514, 515, 517, 518, 520, 521, 523], "excluded_lines": [], "start_line": 501}, "normalize_schedule_config": {"executed_lines": [539, 541, 547], "summary": {"covered_lines": 3, "num_statements": 9, "percent_covered": 33.333333333333336, "percent_covered_display": "33", "missing_lines": 6, "excluded_lines": 0, "percent_statements_covered": 33.333333333333336, "percent_statements_covered_display": "33"}, "missing_lines": [543, 544, 546, 550, 551, 559], "excluded_lines": [], "start_line": 529}, "validate_schedule_v2": {"executed_lines": [], "summary": {"covered_lines": 0, "num_statements": 19, "percent_covered": 0.0, "percent_covered_display": "0", "missing_lines": 19, "excluded_lines": 0, "percent_statements_covered": 0.0, "percent_statements_covered_display": "0"}, "missing_lines": [576, 577, 580, 581, 582, 585, 586, 587, 588, 590, 591, 592, 595, 596, 598, 599, 601, 602, 604], "excluded_lines": [], "start_line": 567}, "set_channel_schedule_v2": {"executed_lines": [], "summary": {"covered_lines": 0, "num_statements": 20, "percent_covered": 0.0, "percent_covered_display": "0", "missing_lines": 20, "excluded_lines": 0, "percent_statements_covered": 0.0, "percent_statements_covered_display": "0"}, "missing_lines": [620, 622, 629, 630, 631, 632, 635, 636, 637, 638, 641, 644, 645, 648, 651, 653, 654, 655, 656, 657], "excluded_lines": [], "start_line": 607}, "build_cron_trigger": {"executed_lines": [669, 671, 678, 680, 681], "summary": {"covered_lines": 5, "num_statements": 7, "percent_covered": 71.42857142857143, "percent_covered_display": "71", "missing_lines": 2, "excluded_lines": 0, "percent_statements_covered": 71.42857142857143, "percent_statements_covered_display": "71"}, "missing_lines": [673, 688], "excluded_lines": [], "start_line": 660}, "get_channel_poll_config": {"executed_lines": [], "summary": {"covered_lines": 0, "num_statements": 4, "percent_covered": 0.0, "percent_covered_display": "0", "missing_lines": 4, "excluded_lines": 0, "percent_statements_covered": 0.0, "percent_statements_covered_display": "0"}, "missing_lines": [709, 710, 711, 717], "excluded_lines": [], "start_line": 698}, "set_channel_poll_config": {"executed_lines": [], "summary": {"covered_lines": 0, "num_statements": 19, "percent_covered": 0.0, "percent_covered_display": "0", "missing_lines": 19, "excluded_lines": 0, "percent_statements_covered": 0.0, "percent_statements_covered_display": "0"}, "missing_lines": [736, 738, 741, 742, 745, 746, 748, 751, 752, 753, 755, 756, 757, 762, 764, 765, 766, 767, 768], "excluded_lines": [], "start_line": 723}, "delete_channel_poll_config": {"executed_lines": [], "summary": {"covered_lines": 0, "num_statements": 12, "percent_covered": 0.0, "percent_covered_display": "0", "missing_lines": 12, "excluded_lines": 0, "percent_statements_covered": 0.0, "percent_statements_covered_display": "0"}, "missing_lines": [782, 784, 787, 792, 795, 797, 798, 800, 801, 802, 803, 804], "excluded_lines": [], "start_line": 771}, "load_poll_regenerations": {"executed_lines": [], "summary": {"covered_lines": 0, "num_statements": 9, "percent_covered": 0.0, "percent_covered_display": "0", "missing_lines": 9, "excluded_lines": 0, "percent_statements_covered": 0.0, "percent_statements_covered_display": "0"}, "missing_lines": [817, 819, 820, 821, 822, 823, 824, 825, 826], "excluded_lines": [], "start_line": 811}, "save_poll_regenerations": {"executed_lines": [], "summary": {"covered_lines": 0, "num_statements": 6, "percent_covered": 0.0, "percent_covered_display": "0", "missing_lines": 6, "excluded_lines": 0, "percent_statements_covered": 0.0, "percent_statements_covered_display": "0"}, "missing_lines": [835, 837, 838, 839, 840, 841], "excluded_lines": [], "start_line": 829}, "add_poll_regeneration": {"executed_lines": [], "summary": {"covered_lines": 0, "num_statements": 10, "percent_covered": 0.0, "percent_covered_display": "0", "missing_lines": 10, "excluded_lines": 0, "percent_statements_covered": 0.0, "percent_statements_covered_display": "0"}, "missing_lines": [866, 868, 869, 870, 871, 882, 883, 884, 885, 886], "excluded_lines": [], "start_line": 844}, "get_poll_regeneration": {"executed_lines": [], "summary": {"covered_lines": 0, "num_statements": 2, "percent_covered": 0.0, "percent_covered_display": "0", "missing_lines": 2, "excluded_lines": 0, "percent_statements_covered": 0.0, "percent_statements_covered_display": "0"}, "missing_lines": [899, 900], "excluded_lines": [], "start_line": 889}, "update_poll_regeneration": {"executed_lines": [], "summary": {"covered_lines": 0, "num_statements": 6, "percent_covered": 0.0, "percent_covered_display": "0", "missing_lines": 6, "excluded_lines": 0, "percent_statements_covered": 0.0, "percent_statements_covered_display": "0"}, "missing_lines": [912, 913, 914, 915, 916, 917], "excluded_lines": [], "start_line": 903}, "delete_poll_regeneration": {"executed_lines": [], "summary": {"covered_lines": 0, "num_statements": 5, "percent_covered": 0.0, "percent_covered_display": "0", "missing_lines": 5, "excluded_lines": 0, "percent_statements_covered": 0.0, "percent_statements_covered_display": "0"}, "missing_lines": [927, 928, 929, 930, 931], "excluded_lines": [], "start_line": 920}, "cleanup_old_regenerations": {"executed_lines": [], "summary": {"covered_lines": 0, "num_statements": 18, "percent_covered": 0.0, "percent_covered_display": "0", "missing_lines": 18, "excluded_lines": 0, "percent_statements_covered": 0.0, "percent_statements_covered_display": "0"}, "missing_lines": [943, 945, 946, 947, 948, 949, 950, 951, 952, 953, 954, 955, 956, 957, 958, 959, 960, 961], "excluded_lines": [], "start_line": 934}, "increment_vote_count": {"executed_lines": [], "summary": {"covered_lines": 0, "num_statements": 14, "percent_covered": 0.0, "percent_covered_display": "0", "missing_lines": 14, "excluded_lines": 0, "percent_statements_covered": 0.0, "percent_statements_covered_display": "0"}, "missing_lines": [977, 978, 981, 982, 985, 987, 990, 991, 992, 995, 9
[...]
515, 516, 517, 524, 527, 528, 531, 532, 533, 534, 543, 544, 547, 548, 549, 552, 553, 554, 555, 556, 557, 558, 559, 561, 565, 566, 569, 570, 571, 572, 573, 576, 577, 578, 583, 586, 587, 588, 591, 593, 596, 600, 607, 608, 609, 612, 613, 616, 619, 620, 621, 622, 624, 625, 626, 627, 629, 630, 631, 632, 633, 634, 635, 638, 640, 641, 642, 645, 646, 649, 650, 652, 653, 654, 657, 658, 661, 662, 666, 671, 672, 673, 674, 675, 676, 677, 680, 681, 683, 689, 690, 692, 693, 694, 702, 704, 705, 708, 709, 711, 712, 713, 714, 715, 716, 717, 720, 723, 724, 738, 739, 742, 743, 745, 747, 749, 761, 762, 764, 768, 770, 771, 777, 779, 780, 784, 790, 791, 793], "excluded_lines": [], "start_line": 1}}}, "core\\telegram\\poll_handlers.py": {"executed_lines": [], "summary": {"covered_lines": 0, "num_statements": 139, "percent_covered": 0.0, "percent_covered_display": "0", "missing_lines": 139, "excluded_lines": 0, "percent_statements_covered": 0.0, "percent_statements_covered_display": "0"}, "missing_lines": [6, 7, 9, 10, 12, 13, 19, 20, 22, 25, 37, 39, 41, 42, 43, 48, 49, 51, 52, 53, 64, 67, 69, 74, 75, 76, 78, 84, 97, 99, 100, 111, 121, 128, 133, 135, 136, 147, 152, 153, 154, 156, 157, 159, 160, 161, 162, 165, 177, 179, 180, 181, 183, 185, 186, 187, 188, 191, 193, 195, 196, 197, 199, 202, 203, 204, 205, 206, 207, 208, 211, 212, 214, 215, 216, 227, 230, 232, 235, 236, 237, 240, 249, 250, 253, 256, 257, 258, 261, 265, 267, 272, 273, 274, 275, 285, 298, 300, 301, 314, 324, 331, 336, 338, 350, 355, 356, 357, 359, 360, 362, 363, 365, 368, 369, 370, 371, 379, 380, 381, 382, 383, 385, 386, 387, 388, 391, 404, 407, 408, 410, 412, 413, 414, 417, 419, 420, 423, 424], "excluded_lines": [], "functions": {"send_poll_to_channel": {"executed_lines": [], "summary": {"covered_lines": 0, "num_statements": 37, "percent_covered": 0.0, "percent_covered_display": "0", "missing_lines": 37, "excluded_lines": 0, "percent_statements_covered": 0.0, "percent_statements_covered_display": "0"}, "missing_lines": [37, 39, 41, 42, 43, 48, 49, 51, 52, 53, 64, 67, 69, 74, 75, 76, 78, 84, 97, 99, 100, 111, 121, 128, 133, 135, 136, 147, 152, 153, 154, 156, 157, 159, 160, 161, 162], "excluded_lines": [], "start_line": 25}, "send_poll_to_discussion_group": {"executed_lines": [], "summary": {"covered_lines": 0, "num_statements": 73, "percent_covered": 0.0, "percent_covered_display": "0", "missing_lines": 73, "excluded_lines": 0, "percent_statements_covered": 0.0, "percent_statements_covered_display": "0"}, "missing_lines": [177, 179, 180, 181, 183, 185, 186, 187, 188, 191, 193, 195, 196, 197, 199, 202, 203, 204, 205, 206, 207, 208, 211, 212, 214, 215, 216, 227, 230, 232, 235, 236, 256, 257, 258, 261, 265, 267, 272, 273, 274, 275, 285, 298, 300, 301, 314, 324, 331, 336, 338, 350, 355, 356, 357, 359, 360, 362, 363, 365, 368, 369, 370, 371, 379, 380, 381, 382, 383, 385, 386, 387, 388], "excluded_lines": [], "start_line": 165}, "send_poll_to_discussion_group.on_discussion_message": {"executed_lines": [], "summary": {"covered_lines": 0, "num_statements": 5, "percent_covered": 0.0, "percent_covered_display": "0", "missing_lines": 5, "excluded_lines": 0, "percent_statements_covered": 0.0, "percent_statements_covered_display": "0"}, "missing_lines": [237, 240, 249, 250, 253], "excluded_lines": [], "start_line": 236}, "send_poll": {"executed_lines": [], "summary": {"covered_lines": 0, "num_statements": 12, "percent_covered": 0.0, "percent_covered_display": "0", "missing_lines": 12, "excluded_lines": 0, "percent_statements_covered": 0.0, "percent_statements_covered_display": "0"}, "missing_lines": [404, 407, 408, 410, 412, 413, 414, 417, 419, 420, 423, 424], "excluded_lines": [], "start_line": 391}, "": {"executed_lines": [], "summary": {"covered_lines": 0, "num_statements": 12, "percent_covered": 0.0, "percent_covered_display": "0", "missing_lines": 12, "excluded_lines": 0, "percent_statements_covered": 0.0, "percent_statements_covered_display": "0"}, "missing_lines": [6, 7, 9, 10, 12, 13, 19, 20, 22, 25, 165, 391], "excluded_lines": [], "start_line": 1}}, "classes": {"": {"executed_lines": [], "summary": {"covered_lines": 0, "num_statements": 139, "percent_covered": 0.0, "percent_covered_display": "0", "missing_lines": 139, "excluded_lines": 0, "percent_statements_covered": 0.0, "percent_statements_covered_display": "0"}, "missing_lines": [6, 7, 9, 10, 12, 13, 19, 20, 22, 25, 37, 39, 41, 42, 43, 48, 49, 51, 52, 53, 64, 67, 69, 74, 75, 76, 78, 84, 97, 99, 100, 111, 121, 128, 133, 135, 136, 147, 152, 153, 154, 156, 157, 159, 160, 161, 162, 165, 177, 179, 180, 181, 183, 185, 186, 187, 188, 191, 193, 195, 196, 197, 199, 202, 203, 204, 205, 206, 207, 208, 211, 212, 214, 215, 216, 227, 230, 232, 235, 236, 237, 240, 249, 250, 253, 256, 257, 258, 261, 265, 267, 272, 273, 274, 275, 285, 298, 300, 301, 314, 324, 331, 336, 338, 350, 355, 356, 357, 359, 360, 362, 363, 365, 368, 369, 370, 371, 379, 380, 381, 382, 383, 385, 386, 387, 388, 391, 404, 407, 408, 410, 412, 413, 414, 417, 419, 420, 423, 424], "excluded_lines": [], "start_line": 1}}}, "core\\telegram_client.py": {"executed_lines": [], "summary": {"covered_lines": 0, "num_statements": 2, "percent_covered": 0.0, "percent_covered_display": "0", "missing_lines": 2, "excluded_lines": 0, "percent_statements_covered": 0.0, "percent_statements_covered_display": "0"}, "missing_lines": [7, 19], "excluded_lines": [], "functions": {"": {"executed_lines": [], "summary": {"covered_lines": 0, "num_statements": 2, "percent_covered": 0.0, "percent_covered_display": "0", "missing_lines": 2, "excluded_lines": 0, "percent_statements_covered": 0.0, "percent_statements_covered_display": "0"}, "missing_lines": [7, 19], "excluded_lines": [], "start_line": 1}}, "classes": {"": {"executed_lines": [], "summary": {"covered_lines": 0, "num_statements": 2, "percent_covered": 0.0, "percent_covered_display": "0", "missing_lines": 2, "excluded_lines": 0, "percent_statements_covered": 0.0, "percent_statements_covered_display": "0"}, "missing_lines": [7, 19], "excluded_lines": [], "start_line": 1}}}, "core\\telegram_client_utils.py": {"executed_lines": [], "summary": {"covered_lines": 0, "num_statements": 128, "percent_covered": 0.0, "percent_covered_display": "0", "missing_lines": 128, "excluded_lines": 0, "percent_statements_covered": 0.0, "percent_statements_covered_display": "0"}, "missing_lines": [13, 14, 16, 19, 31, 32, 34, 36, 37, 38, 39, 42, 43, 46, 57, 58, 59, 60, 70, 73, 74, 75, 76, 79, 80, 85, 86, 87, 90, 91, 92, 98, 101, 103, 105, 108, 109, 110, 113, 116, 117, 118, 119, 122, 124, 125, 127, 128, 129, 131, 132, 134, 137, 139, 140, 142, 143, 144, 146, 147, 148, 151, 154, 155, 156, 157, 160, 161, 164, 165, 166, 169, 172, 173, 174, 175, 177, 178, 180, 183, 185, 186, 187, 191, 192, 195, 207, 208, 209, 212, 213, 214, 217, 218, 219, 222, 223, 224, 227, 228, 229, 232, 233, 234, 237, 238, 239, 240, 241, 242, 244, 247, 258, 259, 261, 262, 263, 266, 267, 269, 270, 271, 273, 274, 275, 277, 278, 280], "excluded_lines": [], "functions": {"split_message_smart": {"executed_lines": [], "summary": {"covered_lines": 0, "num_statements": 81, "percent_covered": 0.0, "percent_covered_display": "0", "missing_lines": 81, "excluded_lines": 0, "percent_statements_covered": 0.0, "percent_statements_covered_display": "0"}, "missing_lines": [31, 32, 34, 36, 37, 38, 39, 42, 43, 46, 57, 58, 59, 60, 70, 73, 74, 75, 76, 79, 80, 85, 86, 87, 90, 91, 92, 98, 101, 103, 105, 108, 109, 110, 113, 116, 117, 118, 119, 122, 124, 125, 127, 128, 129, 131, 132, 134, 137, 139, 140, 142, 143, 144, 146, 147, 148, 151, 154, 155, 156, 157, 160, 161, 164, 165, 166, 169, 172, 173, 174, 175, 177, 178, 180, 183, 185, 186, 187, 191, 192], "excluded_lines": [], "start_line": 19}, "validate_message_entities": {"executed_lines": [], "summary": {"covered_lines": 0, "num_statements": 25, "percent_covered": 0.0, "percent_covered_display": "0", "missing_lines": 25, "excluded_lines": 0, "percent_statements_covered": 0.0, "percent_statements_covered_display": "0"}, "missing_lines": [207, 208, 209, 212, 213, 214, 217, 218, 219, 222, 223, 224, 227, 228, 229, 232, 233, 234, 237, 238, 239, 240, 241, 242, 244], "excluded_lines": [], "start_line": 195}, "split_by_lines_smart": {"executed_lines": [], "summary": {"covered_lines": 0, "num_statements": 16, "percent_covered": 0.0, "percent_covered_display": "0", "missing_lines": 16, "excluded_lines": 0, "percent_statements_covered": 0.0, "percent_statements_covered_display": "0"}, "missing_lines": [258, 259, 261, 262, 263, 266, 267, 269, 270, 271, 273, 274, 275, 277, 278, 280], "excluded_lines": [], "start_line": 247}, "": {"executed_lines": [], "summary": {"covered_lines": 0, "num_statements": 6, "percent_covered": 0.0, "percent_covered_display": "0", "missing_lines": 6, "excluded_lines": 0, "percent_statements_covered": 0.0, "percent_statements_covered_display": "0"}, "missing_lines": [13, 14, 16, 19, 195, 247], "excluded_lines": [], "start_line": 1}}, "classes": {"": {"executed_lines": [], "summary": {"covered_lines": 0, "num_statements": 128, "percent_covered": 0.0, "percent_covered_display": "0", "missing_lines": 128, "excluded_lines": 0, "percent_statements_covered": 0.0, "percent_statements_covered_display": "0"}, "missing_lines": [13, 14, 16, 19, 31, 32, 34, 36, 37, 38, 39, 42, 43, 46, 57, 58, 59, 60, 70, 73, 74, 75, 76, 79, 80, 85, 86, 87, 90, 91, 92, 98, 101, 103, 105, 108, 109, 110, 113, 116, 117, 118, 119, 122, 124, 125, 127, 128, 129, 131, 132, 134, 137, 139, 140, 142, 143, 144, 146, 147, 148, 151, 154, 155, 156, 157, 160, 161, 164, 165, 166, 169, 172, 173, 174, 175, 177, 178, 180, 183, 185, 186, 187, 191, 192, 195, 207, 208, 209, 212, 213, 214, 217, 218, 219, 222, 223, 224, 227, 228, 229, 232, 233, 234, 237, 238, 239, 240, 241, 242, 244, 247, 258, 259, 261, 262, 263, 266, 267, 269, 270, 271, 273, 274, 275, 277, 278, 280], "excluded_lines": [], "start_line": 1}}}, "core\\utils\\__init__.py": {"executed_lines": [6, 7, 9], "summary": {"covered_lines": 3, "num_statements": 3, "percent_covered": 100.0, "percent_covered_display": "100", "missing_lines": 0, "excluded_lines": 0, "percent_statements_covered": 100.0, "percent_statements_covered_display": "100"}, "missing_lines": [], "excluded_lines": [], "functions": {"": {"executed_lines": [6, 7, 9], "summary": {"covered_lines": 3, "num_statements": 3, "percent_covered": 100.0, "percent_covered_display": "100", "missing_lines": 0, "excluded_lines": 0, "percent_statements_covered": 100.0, "percent_statements_covered_display": "100"}, "missing_lines": [], "excluded_lines": [], "start_line": 1}}, "classes": {"": {"executed_lines": [6, 7, 9], "summary": {"covered_lines": 3, "num_statements": 3, "percent_covered": 100.0, "percent_covered_display": "100", "missing_lines": 0, "excluded_lines": 0, "percent_statements_covered": 100.0, "percent_statements_covered_display": "100"}, "missing_lines": [], "excluded_lines": [], "start_line": 1}}}, "core\\utils\\date_utils.py": {"executed_lines": [5, 6, 8, 11, 21, 22, 25, 26, 28, 29, 30, 31, 32, 34, 36, 37, 40, 41, 43, 46, 47, 49, 50, 51, 52, 54, 55, 57, 60, 61], "summary": {"covered_lines": 30, "num_statements": 33, "percent_covered": 90.9090909090909, "percent_covered_display": "91", "missing_lines": 3, "excluded_lines": 0, "percent_statements_covered": 90.9090909090909, "percent_statements_covered_display": "91"}, "missing_lines": [63, 64, 65], "excluded_lines": [], "functions": {"extract_date_range_from_summary": {"executed_lines": [21, 22, 25, 26, 28, 29, 30, 31, 32, 34, 36, 37, 40, 41, 43, 46, 47, 49, 50, 51, 52, 54, 55, 57, 60, 61], "summary": {"covered_lines": 26, "num_statements": 29, "percent_covered": 89.65517241379311, "percent_covered_display": "90", "missing_lines": 3, "excluded_lines": 0, "percent_statements_covered": 89.65517241379311, "percent_statements_covered_display": "90"}, "missing_lines": [63, 64, 65], "excluded_lines": [], "start_line": 11}, "": {"executed_lines": [5, 6, 8, 11], "summary": {"covered_lines": 4, "num_statements": 4, "percent_covered": 100.0, "percent_covered_display": "100", "missing_lines": 0, "excluded_lines": 0, "percent_statements_covered": 100.0, "percent_statements_covered_display": "100"}, "missing_lines": [], "excluded_lines": [], "start_line": 1}}, "classes": {"": {"executed_lines": [5, 6, 8, 11, 21, 22, 25, 26, 28, 29, 30, 31, 32, 34, 36, 37, 40, 41, 43, 46, 47, 49, 50, 51, 52, 54, 55, 57, 60, 61], "summary": {"covered_lines": 30, "num_statements": 33, "percent_covered": 90.9090909090909, "percent_covered_display": "91", "missing_lines": 3, "excluded_lines": 0, "percent_statements_covered": 90.9090909090909, "percent_statements_covered_display": "91"}, "missing_lines": [63, 64, 65], "excluded_lines": [], "start_line": 1}}}, "core\\utils\\message_utils.py": {"executed_lines": [5, 7, 9, 12, 24, 34, 35, 36, 37, 39, 40, 42, 44, 45, 46, 47, 48, 49, 50, 53], "summary": {"covered_lines": 20, "num_statements": 20, "percent_covered": 100.0, "percent_covered_display": "100", "missing_lines": 0, "excluded_lines": 0, "percent_statements_covered": 100.0, "percent_statements_covered_display": "100"}, "missing_lines": [], "excluded_lines": [], "functions": {"format_schedule_info": {"executed_lines": [24, 34, 35, 36, 37, 39, 40, 42, 44, 45, 46, 47, 48, 49, 50, 53], "summary": {"covered_lines": 16, "num_statements": 16, "percent_covered": 100.0, "percent_covered_display": "100", "missing_lines": 0, "excluded_lines": 0, "percent_statements_covered": 100.0, "percent_statements_covered_display": "100"}, "missing_lines": [], "excluded_lines": [], "start_line": 12}, "": {"executed_lines": [5, 7, 9, 12], "summary": {"covered_lines": 4, "num_statements": 4, "percent_covered": 100.0, "percent_covered_display": "100", "missing_lines": 0, "excluded_lines": 0, "percent_statements_covered": 100.0, "percent_statements_covered_display": "100"}, "missing_lines": [], "excluded_lines": [], "start_line": 1}}, "classes": {"": {"executed_lines": [5, 7, 9, 12, 24, 34, 35, 36, 37, 39, 40, 42, 44, 45, 46, 47, 48, 49, 50, 53], "summary": {"covered_lines": 20, "num_statements": 20, "percent_covered": 100.0, "percent_covered_display": "100", "missing_lines": 0, "excluded_lines": 0, "percent_statements_covered": 100.0, "percent_statements_covered_display": "100"}, "missing_lines": [], "excluded_lines": [], "start_line": 1}}}, "core\\vector_store.py": {"executed_lines": [], "summary": {"covered_lines": 0, "num_statements": 123, "percent_covered": 0.0, "percent_covered_display": "0", "missing_lines": 123, "excluded_lines": 0, "percent_statements_covered": 0.0, "percent_statements_covered_display": "0"}, "missing_lines": [17, 18, 19, 21, 23, 24, 26, 27, 28, 29, 32, 35, 37, 38, 39, 40, 41, 43, 45, 46, 49, 52, 57, 59, 60, 61, 62, 64, 66, 68, 80, 81, 82, 84, 85, 87, 89, 90, 91, 94, 95, 96, 97, 100, 107, 108, 110, 111, 112, 114, 136, 137, 138, 140, 141, 143, 145, 146, 147, 150, 151, 152, 153, 156, 157, 158, 159, 160, 161, 162, 163, 166, 172, 173, 174, 175, 178, 179, 180, 181, 182, 183, 184, 185, 186, 189, 192, 193, 194, 195, 196, 197, 198, 200, 210, 211, 213, 214, 215, 217, 227, 228, 230, 231, 232, 233, 235, 236, 237, 239, 246, 247, 249, 250, 251, 253, 254, 255, 259, 262, 265, 266, 267], "excluded_lines": [], "functions": {"VectorStore.__init__": {"executed_lines": [], "summary": {"covered_lines": 0, "num_statements": 15, "percent_covered": 0.0, "percent_covered_display": "0", "missing_lines": 15, "excluded_lines": 0, "percent_statements_covered": 0.0, "percent_statements_covered_display": "0"}, "missing_lines": [37, 38, 39, 40, 41, 43, 45, 46, 49, 52, 57, 59, 60, 61, 62], "excluded_lines": [], "start_line": 35}, "VectorStore.is_available": {"executed_lines": [], "summary": {"covered_lines": 0, "num_statements": 1, "percent_covered": 0.0, "percent_covered_display": "0", "missing_lines": 1, "excluded_lines": 0, "percent_statements_covered": 0.0, "percent_statements_covered_display": "0"}, "missing_lines": [66], "excluded_lines": [], "start_line": 64}, "VectorStore.add_summary": {"executed_lines": [], "summary": {"covered_lines": 0, "num_statements": 19, "percent_covered": 0.0, "percent_covered_display": "0", "missing_lines": 19, "excluded_lines": 0, "percent_statements_covered": 0.0, "percent_statements_covered_display": "0"}, "missing_lines": [80, 81, 82, 84, 85, 87, 89, 90, 91, 94, 95, 96, 97, 100, 107, 108, 110, 111, 112], "excluded_lines": [], "start_line": 68}, "VectorStore.search_similar": {"executed_lines": [], "summary": {"covered_lines": 0, "num_statements": 49, "percent_covered": 0.0, "percent_covered_display": "0", "missing_lines": 49, "excluded_lines": 0, "percent_statements_covered": 0.0, "percent_statements_covered_display": "0"}, "missing_lines": [136, 137, 138, 140, 141, 143, 145, 146, 147, 150, 151, 152, 153, 156, 157, 158, 159, 160, 161, 162, 163, 166, 172, 173, 174, 175, 178, 179, 180, 181, 182, 183, 184, 185, 186, 189, 192, 193, 194, 195, 196, 197, 198, 200, 210, 211, 213, 214, 215], "excluded_lines": [], "start_line": 114}, "VectorStore.delete_summary": {"executed_lines": [], "summary": {"covered_lines": 0, "num_statements": 9, "percent_covered": 0.0, "percent_covered_display": "0", "missing_lines": 9, "excluded_lines": 0, "percent_statements_covered": 0.0, "percent_statements_covered_display": "0"}, "missing_lines": [227, 228, 230, 231, 232, 233, 235, 236, 237], "excluded_lines": [], "start_line": 217}, "VectorStore.get_stats": {"executed_lines": [], "summary": {"covered_lines": 0, "num_statements": 8, "percent_covered": 0.0, "percent_covered_display": "0", "missing_lines": 8, "excluded_lines": 0, "percent_statements_covered": 0.0, "percent_statements_covered_display": "0"}, "missing_lines": [246, 247, 249, 250, 251, 253, 254, 255], "excluded_lines": [], "start_line": 239}, "get_vector_store": {"executed_lines": [], "summary": {"covered_lines": 0, "num_statements": 3, "percent_covered": 0.0, "percent_covered_display": "0", "missing_lines": 3, "excluded_lines": 0, "percent_statements_covered": 0.0, "percent_statements_covered_display": "0"}, "missing_lines": [265, 266, 267], "excluded_lines": [], "start_line": 262}, "": {"executed_lines": [], "summary": {"covered_lines": 0, "num_statements": 19, "percent_covered": 0.0, "percent_covered_display": "0", "missing_lines": 19, "excluded_lines": 0, "percent_statements_covered": 0.0, "percent_statements_covered_display": "0"}, "missing_lines": [17, 18, 19, 21, 23, 24, 26, 27, 28, 29, 32, 35, 64, 68, 114, 217, 239, 259, 262], "excluded_lines": [], "start_line": 1}}, "classes": {"VectorStore": {"executed_lines": [], "summary": {"covered_lines": 0, "num_statements": 101, "percent_covered": 0.0, "percent_covered_display": "0", "missing_lines": 101, "excluded_lines": 0, "percent_statements_covered": 0.0, "percent_statements_covered_display": "0"}, "missing_lines": [37, 38, 39, 40, 41, 43, 45, 46, 49, 52, 57, 59, 60, 61, 62, 66, 80, 81, 82, 84, 85, 87, 89, 90, 91, 94, 95, 96, 97, 100, 107, 108, 110, 111, 112, 136, 137, 138, 140, 141, 143, 145, 146, 147, 150, 151, 152, 153, 156, 157, 158, 159, 160, 161, 162, 163, 166, 172, 173, 174, 175, 178, 179, 180, 181, 182, 183, 184, 185, 186, 189, 192, 193, 194, 195, 196, 197, 198, 200, 210, 211, 213, 214, 215, 227, 228, 230, 231, 232, 233, 235, 236, 237, 246, 247, 249, 250, 251, 253, 254, 255], "excluded_lines": [], "start_line": 32}, "": {"executed_lines": [], "summary": {"covered_lines": 0, "num_statements": 22, "percent_covered": 0.0, "percent_covered_display": "0", "missing_lines": 22, "excluded_lines": 0, "percent_statements_covered": 0.0, "percent_statements_covered_display": "0"}, "missing_lines": [17, 18, 19, 21, 23, 24, 26, 27, 28, 29, 32, 35, 64, 68, 114, 217, 239, 259, 262, 265, 266, 267], "excluded_lines": [], "start_line": 1}}}}, "totals": {"covered_lines": 799, "num_statements": 8240, "percent_covered": 9.696601941747574, "percent_covered_display": "10", "missing_lines": 7441, "excluded_lines": 0, "percent_statements_covered": 9.696601941747574, "percent_statements_covered_display": "10"}}